<?xml version="1.0" encoding="UTF-8"?>
<coverage generated="1741499266282" clover="3.2.0">
  <project timestamp="1741499266282" name="All files">
    <metrics statements="533" coveredstatements="516" conditionals="150" coveredconditionals="146" methods="134" coveredmethods="130" elements="817" coveredelements="792" complexity="0" loc="533" ncloc="533" packages="4" files="22" classes="22"/>
    <package name="pages">
      <metrics statements="202" coveredstatements="185" conditionals="73" coveredconditionals="70" methods="55" coveredmethods="51"/>
      <file name="About.js" path="/Users/pierce/Desktop/School/CS4218/cs4218-2420-ecom-project-team15/client/src/pages/About.js">
        <metrics statements="2" coveredstatements="2" conditionals="0" coveredconditionals="0" methods="1" coveredmethods="1"/>
        <line num="4" count="1" type="stmt"/>
        <line num="5" count="4" type="stmt"/>
      </file>
      <file name="CartPage.js" path="/Users/pierce/Desktop/School/CS4218/cs4218-2420-ecom-project-team15/client/src/pages/CartPage.js">
        <metrics statements="48" coveredstatements="42" conditionals="24" coveredconditionals="24" methods="14" coveredmethods="11"/>
        <line num="12" count="1" type="stmt"/>
        <line num="13" count="50" type="stmt"/>
        <line num="14" count="50" type="stmt"/>
        <line num="15" count="50" type="stmt"/>
        <line num="16" count="50" type="stmt"/>
        <line num="17" count="50" type="stmt"/>
        <line num="18" count="50" type="stmt"/>
        <line num="21" count="50" type="stmt"/>
        <line num="22" count="50" type="stmt"/>
        <line num="23" count="50" type="stmt"/>
        <line num="24" count="50" type="stmt"/>
        <line num="25" count="55" type="stmt"/>
        <line num="27" count="50" type="stmt"/>
        <line num="32" count="0" type="stmt"/>
        <line num="36" count="50" type="stmt"/>
        <line num="37" count="2" type="stmt"/>
        <line num="38" count="2" type="stmt"/>
        <line num="39" count="3" type="stmt"/>
        <line num="40" count="2" type="stmt"/>
        <line num="41" count="2" type="stmt"/>
        <line num="42" count="2" type="stmt"/>
        <line num="44" count="0" type="stmt"/>
        <line num="49" count="50" type="stmt"/>
        <line num="50" count="15" type="stmt"/>
        <line num="51" count="15" type="stmt"/>
        <line num="52" count="15" type="stmt"/>
        <line num="54" count="0" type="stmt"/>
        <line num="57" count="50" type="stmt"/>
        <line num="58" count="15" type="stmt"/>
        <line num="62" count="50" type="stmt"/>
        <line num="63" count="2" type="stmt"/>
        <line num="64" count="2" type="stmt"/>
        <line num="65" count="2" type="stmt"/>
        <line num="66" count="2" type="stmt"/>
        <line num="70" count="1" type="stmt"/>
        <line num="71" count="1" type="stmt"/>
        <line num="72" count="1" type="stmt"/>
        <line num="73" count="1" type="stmt"/>
        <line num="74" count="1" type="stmt"/>
        <line num="76" count="1" type="stmt"/>
        <line num="77" count="1" type="stmt"/>
        <line num="80" count="50" type="stmt"/>
        <line num="99" count="55" type="stmt"/>
        <line num="115" count="2" type="stmt"/>
        <line num="132" count="0" type="stmt"/>
        <line num="140" count="0" type="stmt"/>
        <line num="147" count="0" type="stmt"/>
        <line num="169" count="30" type="stmt"/>
      </file>
      <file name="Categories.js" path="/Users/pierce/Desktop/School/CS4218/cs4218-2420-ecom-project-team15/client/src/pages/Categories.js">
        <metrics statements="4" coveredstatements="4" conditionals="0" coveredconditionals="0" methods="2" coveredmethods="2"/>
        <line num="5" count="1" type="stmt"/>
        <line num="6" count="2" type="stmt"/>
        <line num="7" count="2" type="stmt"/>
        <line num="12" count="2" type="stmt"/>
      </file>
      <file name="CategoryProduct.js" path="/Users/pierce/Desktop/School/CS4218/cs4218-2420-ecom-project-team15/client/src/pages/CategoryProduct.js">
        <metrics statements="16" coveredstatements="16" conditionals="2" coveredconditionals="2" methods="5" coveredmethods="5"/>
        <line num="6" count="1" type="stmt"/>
        <line num="7" count="10" type="stmt"/>
        <line num="8" count="10" type="stmt"/>
        <line num="9" count="10" type="stmt"/>
        <line num="10" count="10" type="stmt"/>
        <line num="12" count="10" type="stmt"/>
        <line num="13" count="6" type="cond" truecount="2" falsecount="0"/>
        <line num="16" count="10" type="stmt"/>
        <line num="17" count="5" type="stmt"/>
        <line num="18" count="5" type="stmt"/>
        <line num="21" count="4" type="stmt"/>
        <line num="22" count="4" type="stmt"/>
        <line num="24" count="1" type="stmt"/>
        <line num="28" count="10" type="stmt"/>
        <line num="37" count="12" type="stmt"/>
        <line num="59" count="1" type="stmt"/>
      </file>
      <file name="Contact.js" path="/Users/pierce/Desktop/School/CS4218/cs4218-2420-ecom-project-team15/client/src/pages/Contact.js">
        <metrics statements="2" coveredstatements="2" conditionals="0" coveredconditionals="0" methods="1" coveredmethods="1"/>
        <line num="4" count="1" type="stmt"/>
        <line num="5" count="4" type="stmt"/>
      </file>
      <file name="HomePage.js" path="/Users/pierce/Desktop/School/CS4218/cs4218-2420-ecom-project-team15/client/src/pages/HomePage.js">
        <metrics statements="99" coveredstatements="88" conditionals="37" coveredconditionals="34" methods="21" coveredmethods="20"/>
        <line num="12" count="1" type="stmt"/>
        <line num="13" count="40" type="stmt"/>
        <line num="14" count="40" type="stmt"/>
        <line num="15" count="40" type="stmt"/>
        <line num="16" count="40" type="stmt"/>
        <line num="17" count="40" type="stmt"/>
        <line num="18" count="40" type="stmt"/>
        <line num="19" count="40" type="stmt"/>
        <line num="20" count="40" type="stmt"/>
        <line num="21" count="40" type="stmt"/>
        <line num="24" count="40" type="stmt"/>
        <line num="25" count="11" type="stmt"/>
        <line num="26" count="11" type="stmt"/>
        <line num="28" count="10" type="cond" truecount="4" falsecount="0"/>
        <line num="29" count="3" type="stmt"/>
        <line num="30" count="3" type="stmt"/>
        <line num="31" count="3" type="stmt"/>
        <line num="34" count="7" type="stmt"/>
        <line num="36" count="7" type="cond" truecount="4" falsecount="0"/>
        <line num="37" count="2" type="stmt"/>
        <line num="38" count="2" type="stmt"/>
        <line num="39" count="2" type="stmt"/>
        <line num="42" count="5" type="stmt"/>
        <line num="44" count="1" type="stmt"/>
        <line num="45" count="1" type="stmt"/>
        <line num="50" count="40" type="stmt"/>
        <line num="51" count="11" type="stmt"/>
        <line num="52" count="11" type="stmt"/>
        <line num="56" count="40" type="stmt"/>
        <line num="57" count="13" type="stmt"/>
        <line num="58" count="13" type="stmt"/>
        <line num="59" count="13" type="stmt"/>
        <line num="61" count="13" type="cond" truecount="4" falsecount="0"/>
        <line num="62" count="1" type="stmt"/>
        <line num="63" count="1" type="stmt"/>
        <line num="64" count="1" type="stmt"/>
        <line num="67" count="12" type="stmt"/>
        <line num="69" count="12" type="cond" truecount="1" falsecount="1"/>
        <line num="70" count="0" type="stmt"/>
        <line num="71" count="0" type="stmt"/>
        <line num="72" count="0" type="stmt"/>
        <line num="75" count="12" type="stmt"/>
        <line num="77" count="0" type="stmt"/>
        <line num="78" count="0" type="stmt"/>
        <line num="80" count="13" type="stmt"/>
        <line num="86" count="40" type="stmt"/>
        <line num="87" count="11" type="stmt"/>
        <line num="88" count="11" type="stmt"/>
        <line num="90" count="11" type="cond" truecount="4" falsecount="0"/>
        <line num="91" count="4" type="stmt"/>
        <line num="92" count="4" type="stmt"/>
        <line num="93" count="4" type="stmt"/>
        <line num="96" count="7" type="stmt"/>
        <line num="98" count="7" type="cond" truecount="2" falsecount="0"/>
        <line num="99" count="2" type="stmt"/>
        <line num="100" count="2" type="stmt"/>
        <line num="101" count="2" type="stmt"/>
        <line num="104" count="5" type="stmt"/>
        <line num="106" count="0" type="stmt"/>
        <line num="107" count="0" type="stmt"/>
        <line num="111" count="40" type="stmt"/>
        <line num="112" count="12" type="cond" truecount="2" falsecount="0"/>
        <line num="113" count="1" type="stmt"/>
        <line num="116" count="40" type="stmt"/>
        <line num="117" count="1" type="stmt"/>
        <line num="118" count="1" type="stmt"/>
        <line num="119" count="1" type="stmt"/>
        <line num="120" count="1" type="stmt"/>
        <line num="121" count="1" type="stmt"/>
        <line num="123" count="0" type="stmt"/>
        <line num="124" count="0" type="stmt"/>
        <line num="129" count="40" type="stmt"/>
        <line num="130" count="1" type="stmt"/>
        <line num="131" count="1" type="cond" truecount="1" falsecount="1"/>
        <line num="132" count="1" type="stmt"/>
        <line num="134" count="0" type="stmt"/>
        <line num="136" count="1" type="stmt"/>
        <line num="138" count="40" type="stmt"/>
        <line num="139" count="13" type="cond" truecount="3" falsecount="1"/>
        <line num="142" count="40" type="stmt"/>
        <line num="143" count="13" type="cond" truecount="4" falsecount="0"/>
        <line num="147" count="40" type="stmt"/>
        <line num="148" count="2" type="stmt"/>
        <line num="149" count="2" type="stmt"/>
        <line num="153" count="2" type="stmt"/>
        <line num="155" count="0" type="stmt"/>
        <line num="158" count="40" type="stmt"/>
        <line num="173" count="8" type="stmt"/>
        <line num="175" count="1" type="stmt"/>
        <line num="184" count="1" type="stmt"/>
        <line num="186" count="240" type="stmt"/>
        <line num="195" count="1" type="stmt"/>
        <line num="205" count="24" type="stmt"/>
        <line num="227" count="1" type="stmt"/>
        <line num="234" count="1" type="stmt"/>
        <line num="235" count="1" type="stmt"/>
        <line num="239" count="1" type="stmt"/>
        <line num="254" count="1" type="stmt"/>
        <line num="255" count="1" type="stmt"/>
      </file>
      <file name="Pagenotfound.js" path="/Users/pierce/Desktop/School/CS4218/cs4218-2420-ecom-project-team15/client/src/pages/Pagenotfound.js">
        <metrics statements="2" coveredstatements="2" conditionals="0" coveredconditionals="0" methods="1" coveredmethods="1"/>
        <line num="5" count="1" type="stmt"/>
        <line num="6" count="3" type="stmt"/>
      </file>
      <file name="Policy.js" path="/Users/pierce/Desktop/School/CS4218/cs4218-2420-ecom-project-team15/client/src/pages/Policy.js">
        <metrics statements="2" coveredstatements="2" conditionals="0" coveredconditionals="0" methods="1" coveredmethods="1"/>
        <line num="4" count="1" type="stmt"/>
        <line num="5" count="3" type="stmt"/>
      </file>
      <file name="ProductDetails.js" path="/Users/pierce/Desktop/School/CS4218/cs4218-2420-ecom-project-team15/client/src/pages/ProductDetails.js">
        <metrics statements="23" coveredstatements="23" conditionals="8" coveredconditionals="8" methods="7" coveredmethods="7"/>
        <line num="7" count="1" type="stmt"/>
        <line num="8" count="13" type="stmt"/>
        <line num="9" count="13" type="stmt"/>
        <line num="10" count="13" type="stmt"/>
        <line num="11" count="13" type="stmt"/>
        <line num="14" count="13" type="stmt"/>
        <line num="15" count="7" type="cond" truecount="2" falsecount="0"/>
        <line num="18" count="13" type="stmt"/>
        <line num="19" count="6" type="stmt"/>
        <line num="20" count="6" type="stmt"/>
        <line num="23" count="4" type="stmt"/>
        <line num="27" count="2" type="stmt"/>
        <line num="32" count="13" type="stmt"/>
        <line num="33" count="11" type="cond" truecount="4" falsecount="0"/>
        <line num="34" count="4" type="stmt"/>
        <line num="38" count="13" type="stmt"/>
        <line num="39" count="4" type="stmt"/>
        <line num="40" count="4" type="stmt"/>
        <line num="43" count="3" type="stmt"/>
        <line num="45" count="1" type="stmt"/>
        <line num="48" count="13" type="stmt"/>
        <line num="83" count="3" type="stmt"/>
        <line num="105" count="1" type="stmt"/>
      </file>
      <file name="Search.js" path="/Users/pierce/Desktop/School/CS4218/cs4218-2420-ecom-project-team15/client/src/pages/Search.js">
        <metrics statements="4" coveredstatements="4" conditionals="2" coveredconditionals="2" methods="2" coveredmethods="2"/>
        <line num="4" count="1" type="stmt"/>
        <line num="5" count="7" type="stmt"/>
        <line num="6" count="7" type="stmt"/>
        <line num="18" count="7" type="stmt"/>
      </file>
    </package>
    <package name="pages.Auth">
      <metrics statements="49" coveredstatements="49" conditionals="12" coveredconditionals="12" methods="14" coveredmethods="14"/>
      <file name="Login.js" path="/Users/pierce/Desktop/School/CS4218/cs4218-2420-ecom-project-team15/client/src/pages/Auth/Login.js">
        <metrics statements="22" coveredstatements="22" conditionals="8" coveredconditionals="8" methods="5" coveredmethods="5"/>
        <line num="9" count="1" type="stmt"/>
        <line num="10" count="15" type="stmt"/>
        <line num="11" count="15" type="stmt"/>
        <line num="12" count="15" type="stmt"/>
        <line num="15" count="15" type="stmt"/>
        <line num="16" count="15" type="stmt"/>
        <line num="20" count="15" type="stmt"/>
        <line num="21" count="3" type="stmt"/>
        <line num="22" count="3" type="stmt"/>
        <line num="23" count="3" type="stmt"/>
        <line num="27" count="2" type="cond" truecount="4" falsecount="0"/>
        <line num="28" count="1" type="cond" truecount="2" falsecount="0"/>
        <line num="36" count="1" type="stmt"/>
        <line num="41" count="1" type="stmt"/>
        <line num="42" count="1" type="cond" truecount="2" falsecount="0"/>
        <line num="44" count="1" type="stmt"/>
        <line num="47" count="1" type="stmt"/>
        <line num="48" count="1" type="stmt"/>
        <line num="51" count="15" type="stmt"/>
        <line num="62" count="4" type="stmt"/>
        <line num="73" count="4" type="stmt"/>
        <line num="85" count="1" type="stmt"/>
      </file>
      <file name="Register.js" path="/Users/pierce/Desktop/School/CS4218/cs4218-2420-ecom-project-team15/client/src/pages/Auth/Register.js">
        <metrics statements="27" coveredstatements="27" conditionals="4" coveredconditionals="4" methods="9" coveredmethods="9"/>
        <line num="7" count="1" type="stmt"/>
        <line num="8" count="24" type="stmt"/>
        <line num="9" count="24" type="stmt"/>
        <line num="10" count="24" type="stmt"/>
        <line num="11" count="24" type="stmt"/>
        <line num="12" count="24" type="stmt"/>
        <line num="13" count="24" type="stmt"/>
        <line num="14" count="24" type="stmt"/>
        <line num="15" count="24" type="stmt"/>
        <line num="18" count="24" type="stmt"/>
        <line num="19" count="3" type="stmt"/>
        <line num="20" count="3" type="stmt"/>
        <line num="21" count="3" type="stmt"/>
        <line num="30" count="2" type="cond" truecount="4" falsecount="0"/>
        <line num="31" count="1" type="stmt"/>
        <line num="32" count="1" type="stmt"/>
        <line num="34" count="1" type="stmt"/>
        <line num="37" count="1" type="stmt"/>
        <line num="38" count="1" type="stmt"/>
        <line num="42" count="24" type="stmt"/>
        <line num="51" count="3" type="stmt"/>
        <line num="63" count="3" type="stmt"/>
        <line num="74" count="3" type="stmt"/>
        <line num="85" count="3" type="stmt"/>
        <line num="96" count="3" type="stmt"/>
        <line num="107" count="3" type="stmt"/>
        <line num="118" count="3" type="stmt"/>
      </file>
    </package>
    <package name="pages.admin">
      <metrics statements="233" coveredstatements="233" conditionals="59" coveredconditionals="59" methods="51" coveredmethods="51"/>
      <file name="AdminDashboard.js" path="/Users/pierce/Desktop/School/CS4218/cs4218-2420-ecom-project-team15/client/src/pages/admin/AdminDashboard.js">
        <metrics statements="3" coveredstatements="3" conditionals="0" coveredconditionals="0" methods="1" coveredmethods="1"/>
        <line num="5" count="1" type="stmt"/>
        <line num="6" count="1" type="stmt"/>
        <line num="7" count="1" type="stmt"/>
      </file>
      <file name="AdminOrders.js" path="/Users/pierce/Desktop/School/CS4218/cs4218-2420-ecom-project-team15/client/src/pages/admin/AdminOrders.js">
        <metrics statements="23" coveredstatements="23" conditionals="4" coveredconditionals="4" methods="8" coveredmethods="8"/>
        <line num="9" count="1" type="stmt"/>
        <line num="11" count="1" type="stmt"/>
        <line num="12" count="10" type="stmt"/>
        <line num="19" count="10" type="stmt"/>
        <line num="20" count="10" type="stmt"/>
        <line num="21" count="10" type="stmt"/>
        <line num="22" count="10" type="stmt"/>
        <line num="23" count="6" type="stmt"/>
        <line num="24" count="6" type="stmt"/>
        <line num="25" count="4" type="stmt"/>
        <line num="27" count="2" type="stmt"/>
        <line num="31" count="10" type="stmt"/>
        <line num="32" count="6" type="cond" truecount="2" falsecount="0"/>
        <line num="35" count="10" type="stmt"/>
        <line num="36" count="2" type="stmt"/>
        <line num="37" count="2" type="stmt"/>
        <line num="40" count="1" type="stmt"/>
        <line num="42" count="1" type="stmt"/>
        <line num="45" count="10" type="stmt"/>
        <line num="54" count="6" type="stmt"/>
        <line num="73" count="2" type="stmt"/>
        <line num="77" count="30" type="stmt"/>
        <line num="92" count="12" type="stmt"/>
      </file>
      <file name="CreateCategory.js" path="/Users/pierce/Desktop/School/CS4218/cs4218-2420-ecom-project-team15/client/src/pages/admin/CreateCategory.js">
        <metrics statements="53" coveredstatements="53" conditionals="8" coveredconditionals="8" methods="10" coveredmethods="10"/>
        <line num="8" count="1" type="stmt"/>
        <line num="9" count="38" type="stmt"/>
        <line num="10" count="38" type="stmt"/>
        <line num="11" count="38" type="stmt"/>
        <line num="12" count="38" type="stmt"/>
        <line num="13" count="38" type="stmt"/>
        <line num="15" count="38" type="stmt"/>
        <line num="16" count="3" type="stmt"/>
        <line num="17" count="3" type="stmt"/>
        <line num="18" count="3" type="stmt"/>
        <line num="21" count="2" type="cond" truecount="2" falsecount="0"/>
        <line num="22" count="1" type="stmt"/>
        <line num="23" count="1" type="stmt"/>
        <line num="25" count="1" type="stmt"/>
        <line num="28" count="1" type="stmt"/>
        <line num="29" count="1" type="stmt"/>
        <line num="34" count="38" type="stmt"/>
        <line num="35" count="16" type="stmt"/>
        <line num="36" count="16" type="stmt"/>
        <line num="37" count="15" type="cond" truecount="2" falsecount="0"/>
        <line num="38" count="14" type="stmt"/>
        <line num="40" count="1" type="stmt"/>
        <line num="43" count="1" type="stmt"/>
        <line num="44" count="1" type="stmt"/>
        <line num="48" count="38" type="stmt"/>
        <line num="49" count="13" type="stmt"/>
        <line num="53" count="38" type="stmt"/>
        <line num="54" count="3" type="stmt"/>
        <line num="55" count="3" type="stmt"/>
        <line num="56" count="3" type="stmt"/>
        <line num="60" count="2" type="cond" truecount="2" falsecount="0"/>
        <line num="61" count="1" type="stmt"/>
        <line num="62" count="1" type="stmt"/>
        <line num="63" count="1" type="stmt"/>
        <line num="64" count="1" type="stmt"/>
        <line num="65" count="1" type="stmt"/>
        <line num="67" count="1" type="stmt"/>
        <line num="70" count="1" type="stmt"/>
        <line num="75" count="38" type="stmt"/>
        <line num="76" count="3" type="stmt"/>
        <line num="77" count="3" type="stmt"/>
        <line num="80" count="2" type="cond" truecount="2" falsecount="0"/>
        <line num="81" count="1" type="stmt"/>
        <line num="82" count="1" type="stmt"/>
        <line num="84" count="1" type="stmt"/>
        <line num="87" count="1" type="stmt"/>
        <line num="91" count="38" type="stmt"/>
        <line num="117" count="38" type="stmt"/>
        <line num="123" count="4" type="stmt"/>
        <line num="124" count="4" type="stmt"/>
        <line num="125" count="4" type="stmt"/>
        <line num="133" count="3" type="stmt"/>
        <line num="145" count="1" type="stmt"/>
      </file>
      <file name="CreateProduct.js" path="/Users/pierce/Desktop/School/CS4218/cs4218-2420-ecom-project-team15/client/src/pages/admin/CreateProduct.js">
        <metrics statements="57" coveredstatements="57" conditionals="21" coveredconditionals="21" methods="12" coveredmethods="12"/>
        <line num="8" count="1" type="stmt"/>
        <line num="10" count="1" type="stmt"/>
        <line num="11" count="114" type="stmt"/>
        <line num="12" count="114" type="stmt"/>
        <line num="13" count="114" type="stmt"/>
        <line num="14" count="114" type="stmt"/>
        <line num="15" count="114" type="stmt"/>
        <line num="16" count="114" type="stmt"/>
        <line num="17" count="114" type="stmt"/>
        <line num="18" count="114" type="stmt"/>
        <line num="19" count="114" type="stmt"/>
        <line num="22" count="114" type="stmt"/>
        <line num="23" count="16" type="stmt"/>
        <line num="24" count="16" type="stmt"/>
        <line num="25" count="15" type="cond" truecount="2" falsecount="0"/>
        <line num="26" count="14" type="stmt"/>
        <line num="28" count="1" type="stmt"/>
        <line num="31" count="1" type="stmt"/>
        <line num="32" count="1" type="stmt"/>
        <line num="36" count="114" type="stmt"/>
        <line num="37" count="16" type="stmt"/>
        <line num="41" count="114" type="stmt"/>
        <line num="42" count="13" type="stmt"/>
        <line num="43" count="13" type="stmt"/>
        <line num="44" count="13" type="stmt"/>
        <line num="45" count="13" type="stmt"/>
        <line num="46" count="13" type="stmt"/>
        <line num="47" count="13" type="stmt"/>
        <line num="48" count="13" type="stmt"/>
        <line num="49" count="13" type="stmt"/>
        <line num="50" count="13" type="stmt"/>
        <line num="51" count="13" type="stmt"/>
        <line num="52" count="13" type="cond" truecount="2" falsecount="0"/>
        <line num="53" count="2" type="stmt"/>
        <line num="54" count="2" type="stmt"/>
        <line num="56" count="11" type="cond" truecount="2" falsecount="0"/>
        <line num="57" count="2" type="stmt"/>
        <line num="58" count="2" type="stmt"/>
        <line num="60" count="9" type="cond" truecount="9" falsecount="0"/>
        <line num="61" count="5" type="stmt"/>
        <line num="62" count="5" type="stmt"/>
        <line num="64" count="4" type="stmt"/>
        <line num="68" count="3" type="cond" truecount="2" falsecount="0"/>
        <line num="69" count="2" type="stmt"/>
        <line num="70" count="2" type="stmt"/>
        <line num="72" count="1" type="stmt"/>
        <line num="75" count="1" type="stmt"/>
        <line num="76" count="1" type="stmt"/>
        <line num="80" count="114" type="stmt"/>
        <line num="97" count="12" type="stmt"/>
        <line num="101" count="294" type="stmt"/>
        <line num="113" count="12" type="stmt"/>
        <line num="136" count="12" type="stmt"/>
        <line num="145" count="12" type="stmt"/>
        <line num="155" count="12" type="stmt"/>
        <line num="164" count="12" type="stmt"/>
        <line num="175" count="12" type="stmt"/>
      </file>
      <file name="Products.js" path="/Users/pierce/Desktop/School/CS4218/cs4218-2420-ecom-project-team15/client/src/pages/admin/Products.js">
        <metrics statements="12" coveredstatements="12" conditionals="0" coveredconditionals="0" methods="4" coveredmethods="4"/>
        <line num="7" count="1" type="stmt"/>
        <line num="8" count="4" type="stmt"/>
        <line num="11" count="4" type="stmt"/>
        <line num="12" count="3" type="stmt"/>
        <line num="13" count="3" type="stmt"/>
        <line num="14" count="1" type="stmt"/>
        <line num="16" count="2" type="stmt"/>
        <line num="17" count="2" type="stmt"/>
        <line num="22" count="4" type="stmt"/>
        <line num="23" count="3" type="stmt"/>
        <line num="25" count="4" type="stmt"/>
        <line num="35" count="2" type="stmt"/>
      </file>
      <file name="UpdateProduct.js" path="/Users/pierce/Desktop/School/CS4218/cs4218-2420-ecom-project-team15/client/src/pages/admin/UpdateProduct.js">
        <metrics statements="83" coveredstatements="83" conditionals="26" coveredconditionals="26" methods="15" coveredmethods="15"/>
        <line num="8" count="1" type="stmt"/>
        <line num="10" count="1" type="stmt"/>
        <line num="11" count="80" type="stmt"/>
        <line num="12" count="80" type="stmt"/>
        <line num="13" count="80" type="stmt"/>
        <line num="14" count="80" type="stmt"/>
        <line num="15" count="80" type="stmt"/>
        <line num="16" count="80" type="stmt"/>
        <line num="17" count="80" type="stmt"/>
        <line num="18" count="80" type="stmt"/>
        <line num="19" count="80" type="stmt"/>
        <line num="20" count="80" type="stmt"/>
        <line num="21" count="80" type="stmt"/>
        <line num="24" count="80" type="stmt"/>
        <line num="25" count="22" type="stmt"/>
        <line num="26" count="22" type="stmt"/>
        <line num="29" count="21" type="stmt"/>
        <line num="30" count="21" type="stmt"/>
        <line num="31" count="21" type="stmt"/>
        <line num="32" count="21" type="stmt"/>
        <line num="33" count="21" type="stmt"/>
        <line num="34" count="21" type="stmt"/>
        <line num="35" count="21" type="stmt"/>
        <line num="37" count="1" type="stmt"/>
        <line num="41" count="80" type="stmt"/>
        <line num="42" count="22" type="stmt"/>
        <line num="47" count="80" type="stmt"/>
        <line num="48" count="22" type="stmt"/>
        <line num="49" count="22" type="stmt"/>
        <line num="50" count="20" type="cond" truecount="2" falsecount="0"/>
        <line num="51" count="19" type="stmt"/>
        <line num="53" count="1" type="stmt"/>
        <line num="56" count="2" type="stmt"/>
        <line num="57" count="2" type="stmt"/>
        <line num="61" count="80" type="stmt"/>
        <line num="62" count="22" type="stmt"/>
        <line num="66" count="80" type="stmt"/>
        <line num="67" count="13" type="stmt"/>
        <line num="68" count="13" type="stmt"/>
        <line num="69" count="13" type="stmt"/>
        <line num="70" count="13" type="stmt"/>
        <line num="71" count="13" type="stmt"/>
        <line num="72" count="13" type="stmt"/>
        <line num="73" count="13" type="stmt"/>
        <line num="74" count="13" type="cond" truecount="2" falsecount="0"/>
        <line num="75" count="13" type="stmt"/>
        <line num="76" count="13" type="stmt"/>
        <line num="77" count="13" type="cond" truecount="2" falsecount="0"/>
        <line num="78" count="2" type="stmt"/>
        <line num="79" count="2" type="stmt"/>
        <line num="81" count="11" type="cond" truecount="2" falsecount="0"/>
        <line num="82" count="2" type="stmt"/>
        <line num="83" count="2" type="stmt"/>
        <line num="86" count="9" type="cond" truecount="8" falsecount="0"/>
        <line num="87" count="1" type="stmt"/>
        <line num="88" count="1" type="stmt"/>
        <line num="91" count="8" type="stmt"/>
        <line num="95" count="7" type="cond" truecount="2" falsecount="0"/>
        <line num="96" count="6" type="stmt"/>
        <line num="97" count="6" type="stmt"/>
        <line num="99" count="1" type="stmt"/>
        <line num="102" count="1" type="stmt"/>
        <line num="103" count="1" type="stmt"/>
        <line num="108" count="80" type="stmt"/>
        <line num="109" count="4" type="stmt"/>
        <line num="110" count="4" type="stmt"/>
        <line num="111" count="4" type="cond" truecount="2" falsecount="0"/>
        <line num="112" count="3" type="stmt"/>
        <line num="115" count="2" type="cond" truecount="2" falsecount="0"/>
        <line num="116" count="1" type="stmt"/>
        <line num="117" count="1" type="stmt"/>
        <line num="119" count="1" type="stmt"/>
        <line num="122" count="1" type="stmt"/>
        <line num="123" count="1" type="stmt"/>
        <line num="126" count="80" type="stmt"/>
        <line num="143" count="4" type="stmt"/>
        <line num="148" count="112" type="stmt"/>
        <line num="160" count="4" type="stmt"/>
        <line num="192" count="5" type="stmt"/>
        <line num="201" count="4" type="stmt"/>
        <line num="211" count="9" type="stmt"/>
        <line num="220" count="7" type="stmt"/>
        <line num="231" count="4" type="stmt"/>
      </file>
      <file name="Users.js" path="/Users/pierce/Desktop/School/CS4218/cs4218-2420-ecom-project-team15/client/src/pages/admin/Users.js">
        <metrics statements="2" coveredstatements="2" conditionals="0" coveredconditionals="0" methods="1" coveredmethods="1"/>
        <line num="5" count="1" type="stmt"/>
        <line num="6" count="3" type="stmt"/>
      </file>
    </package>
    <package name="pages.user">
      <metrics statements="49" coveredstatements="49" conditionals="6" coveredconditionals="5" methods="14" coveredmethods="14"/>
      <file name="Dashboard.js" path="/Users/pierce/Desktop/School/CS4218/cs4218-2420-ecom-project-team15/client/src/pages/user/Dashboard.js">
        <metrics statements="3" coveredstatements="3" conditionals="0" coveredconditionals="0" methods="1" coveredmethods="1"/>
        <line num="5" count="1" type="stmt"/>
        <line num="6" count="1" type="stmt"/>
        <line num="7" count="1" type="stmt"/>
      </file>
      <file name="Orders.js" path="/Users/pierce/Desktop/School/CS4218/cs4218-2420-ecom-project-team15/client/src/pages/user/Orders.js">
        <metrics statements="13" coveredstatements="13" conditionals="4" coveredconditionals="3" methods="5" coveredmethods="5"/>
        <line num="8" count="1" type="stmt"/>
        <line num="9" count="11" type="stmt"/>
        <line num="10" count="11" type="stmt"/>
        <line num="11" count="11" type="stmt"/>
        <line num="12" count="6" type="stmt"/>
        <line num="13" count="6" type="stmt"/>
        <line num="14" count="5" type="stmt"/>
        <line num="16" count="1" type="stmt"/>
        <line num="20" count="11" type="stmt"/>
        <line num="21" count="6" type="cond" truecount="1" falsecount="1"/>
        <line num="23" count="11" type="stmt"/>
        <line num="33" count="107" type="stmt"/>
        <line num="59" count="107" type="stmt"/>
      </file>
      <file name="Profile.js" path="/Users/pierce/Desktop/School/CS4218/cs4218-2420-ecom-project-team15/client/src/pages/user/Profile.js">
        <metrics statements="33" coveredstatements="33" conditionals="2" coveredconditionals="2" methods="8" coveredmethods="8"/>
        <line num="7" count="1" type="stmt"/>
        <line num="9" count="24" type="stmt"/>
        <line num="11" count="24" type="stmt"/>
        <line num="12" count="24" type="stmt"/>
        <line num="13" count="24" type="stmt"/>
        <line num="14" count="24" type="stmt"/>
        <line num="15" count="24" type="stmt"/>
        <line num="18" count="24" type="stmt"/>
        <line num="19" count="6" type="stmt"/>
        <line num="20" count="6" type="stmt"/>
        <line num="21" count="6" type="stmt"/>
        <line num="22" count="6" type="stmt"/>
        <line num="23" count="6" type="stmt"/>
        <line num="27" count="24" type="stmt"/>
        <line num="28" count="4" type="stmt"/>
        <line num="29" count="4" type="stmt"/>
        <line num="30" count="4" type="stmt"/>
        <line num="37" count="3" type="cond" truecount="2" falsecount="0"/>
        <line num="38" count="1" type="stmt"/>
        <line num="40" count="2" type="stmt"/>
        <line num="41" count="2" type="stmt"/>
        <line num="42" count="2" type="stmt"/>
        <line num="43" count="2" type="stmt"/>
        <line num="44" count="2" type="stmt"/>
        <line num="45" count="2" type="stmt"/>
        <line num="48" count="1" type="stmt"/>
        <line num="49" count="1" type="stmt"/>
        <line num="52" count="24" type="stmt"/>
        <line num="67" count="4" type="stmt"/>
        <line num="78" count="1" type="stmt"/>
        <line num="89" count="2" type="stmt"/>
        <line num="99" count="3" type="stmt"/>
        <line num="109" count="2" type="stmt"/>
      </file>
    </package>
  </project>
</coverage>
