{"/Users/pierce/Desktop/School/CS4218/cs4218-2420-ecom-project-team15/client/src/pages/About.js": {"path":"/Users/pierce/Desktop/School/CS4218/cs4218-2420-ecom-project-team15/client/src/pages/About.js","statementMap":{"0":{"start":{"line":4,"column":14},"end":{"line":22,"column":1}},"1":{"start":{"line":5,"column":2},"end":{"line":21,"column":4}}},"fnMap":{"0":{"name":"(anonymous_0)","decl":{"start":{"line":4,"column":14},"end":{"line":4,"column":15}},"loc":{"start":{"line":4,"column":20},"end":{"line":22,"column":1}},"line":4}},"branchMap":{},"s":{"0":1,"1":4},"f":{"0":4},"b":{},"_coverageSchema":"1a1c01bbd47fc00a2c39e90264f33305004495a9","hash":"a19f126f1df5029bf3984094f11733f654430c91"}
,"/Users/pierce/Desktop/School/CS4218/cs4218-2420-ecom-project-team15/client/src/pages/CartPage.js": {"path":"/Users/pierce/Desktop/School/CS4218/cs4218-2420-ecom-project-team15/client/src/pages/CartPage.js","statementMap":{"0":{"start":{"line":12,"column":17},"end":{"line":188,"column":1}},"1":{"start":{"line":13,"column":26},"end":{"line":13,"column":35}},"2":{"start":{"line":14,"column":26},"end":{"line":14,"column":35}},"3":{"start":{"line":15,"column":40},"end":{"line":15,"column":52}},"4":{"start":{"line":16,"column":34},"end":{"line":16,"column":46}},"5":{"start":{"line":17,"column":32},"end":{"line":17,"column":47}},"6":{"start":{"line":18,"column":19},"end":{"line":18,"column":32}},"7":{"start":{"line":21,"column":21},"end":{"line":34,"column":3}},"8":{"start":{"line":22,"column":4},"end":{"line":33,"column":5}},"9":{"start":{"line":23,"column":18},"end":{"line":23,"column":19}},"10":{"start":{"line":24,"column":6},"end":{"line":26,"column":9}},"11":{"start":{"line":25,"column":8},"end":{"line":25,"column":35}},"12":{"start":{"line":27,"column":6},"end":{"line":30,"column":9}},"13":{"start":{"line":32,"column":6},"end":{"line":32,"column":25}},"14":{"start":{"line":36,"column":25},"end":{"line":46,"column":3}},"15":{"start":{"line":37,"column":4},"end":{"line":45,"column":5}},"16":{"start":{"line":38,"column":19},"end":{"line":38,"column":28}},"17":{"start":{"line":39,"column":18},"end":{"line":39,"column":62}},"18":{"start":{"line":39,"column":45},"end":{"line":39,"column":61}},"19":{"start":{"line":40,"column":6},"end":{"line":40,"column":30}},"20":{"start":{"line":41,"column":6},"end":{"line":41,"column":22}},"21":{"start":{"line":42,"column":6},"end":{"line":42,"column":59}},"22":{"start":{"line":44,"column":6},"end":{"line":44,"column":25}},"23":{"start":{"line":49,"column":19},"end":{"line":56,"column":3}},"24":{"start":{"line":50,"column":4},"end":{"line":55,"column":5}},"25":{"start":{"line":51,"column":23},"end":{"line":51,"column":73}},"26":{"start":{"line":52,"column":6},"end":{"line":52,"column":40}},"27":{"start":{"line":54,"column":6},"end":{"line":54,"column":25}},"28":{"start":{"line":57,"column":2},"end":{"line":59,"column":20}},"29":{"start":{"line":58,"column":4},"end":{"line":58,"column":15}},"30":{"start":{"line":62,"column":24},"end":{"line":79,"column":3}},"31":{"start":{"line":63,"column":4},"end":{"line":78,"column":5}},"32":{"start":{"line":64,"column":6},"end":{"line":64,"column":23}},"33":{"start":{"line":65,"column":24},"end":{"line":65,"column":61}},"34":{"start":{"line":66,"column":23},"end":{"line":69,"column":8}},"35":{"start":{"line":70,"column":6},"end":{"line":70,"column":24}},"36":{"start":{"line":71,"column":6},"end":{"line":71,"column":38}},"37":{"start":{"line":72,"column":6},"end":{"line":72,"column":18}},"38":{"start":{"line":73,"column":6},"end":{"line":73,"column":41}},"39":{"start":{"line":74,"column":6},"end":{"line":74,"column":55}},"40":{"start":{"line":76,"column":6},"end":{"line":76,"column":25}},"41":{"start":{"line":77,"column":6},"end":{"line":77,"column":24}},"42":{"start":{"line":80,"column":2},"end":{"line":187,"column":4}},"43":{"start":{"line":99,"column":16},"end":{"line":119,"column":22}},"44":{"start":{"line":115,"column":70},"end":{"line":115,"column":91}},"45":{"start":{"line":132,"column":79},"end":{"line":132,"column":114}},"46":{"start":{"line":140,"column":79},"end":{"line":140,"column":114}},"47":{"start":{"line":147,"column":24},"end":{"line":149,"column":26}},"48":{"start":{"line":169,"column":48},"end":{"line":169,"column":69}}},"fnMap":{"0":{"name":"(anonymous_0)","decl":{"start":{"line":12,"column":17},"end":{"line":12,"column":18}},"loc":{"start":{"line":12,"column":23},"end":{"line":188,"column":1}},"line":12},"1":{"name":"(anonymous_1)","decl":{"start":{"line":21,"column":21},"end":{"line":21,"column":22}},"loc":{"start":{"line":21,"column":27},"end":{"line":34,"column":3}},"line":21},"2":{"name":"(anonymous_2)","decl":{"start":{"line":24,"column":16},"end":{"line":24,"column":17}},"loc":{"start":{"line":24,"column":26},"end":{"line":26,"column":7}},"line":24},"3":{"name":"(anonymous_3)","decl":{"start":{"line":36,"column":25},"end":{"line":36,"column":26}},"loc":{"start":{"line":36,"column":34},"end":{"line":46,"column":3}},"line":36},"4":{"name":"(anonymous_4)","decl":{"start":{"line":39,"column":35},"end":{"line":39,"column":36}},"loc":{"start":{"line":39,"column":45},"end":{"line":39,"column":61}},"line":39},"5":{"name":"(anonymous_5)","decl":{"start":{"line":49,"column":19},"end":{"line":49,"column":20}},"loc":{"start":{"line":49,"column":31},"end":{"line":56,"column":3}},"line":49},"6":{"name":"(anonymous_6)","decl":{"start":{"line":57,"column":12},"end":{"line":57,"column":13}},"loc":{"start":{"line":57,"column":18},"end":{"line":59,"column":3}},"line":57},"7":{"name":"(anonymous_7)","decl":{"start":{"line":62,"column":24},"end":{"line":62,"column":25}},"loc":{"start":{"line":62,"column":36},"end":{"line":79,"column":3}},"line":62},"8":{"name":"(anonymous_8)","decl":{"start":{"line":98,"column":25},"end":{"line":98,"column":26}},"loc":{"start":{"line":99,"column":16},"end":{"line":119,"column":22}},"line":99},"9":{"name":"(anonymous_9)","decl":{"start":{"line":115,"column":64},"end":{"line":115,"column":65}},"loc":{"start":{"line":115,"column":70},"end":{"line":115,"column":91}},"line":115},"10":{"name":"(anonymous_10)","decl":{"start":{"line":132,"column":73},"end":{"line":132,"column":74}},"loc":{"start":{"line":132,"column":79},"end":{"line":132,"column":114}},"line":132},"11":{"name":"(anonymous_11)","decl":{"start":{"line":140,"column":73},"end":{"line":140,"column":74}},"loc":{"start":{"line":140,"column":79},"end":{"line":140,"column":114}},"line":140},"12":{"name":"(anonymous_12)","decl":{"start":{"line":146,"column":31},"end":{"line":146,"column":32}},"loc":{"start":{"line":147,"column":24},"end":{"line":149,"column":26}},"line":147},"13":{"name":"(anonymous_13)","decl":{"start":{"line":169,"column":34},"end":{"line":169,"column":35}},"loc":{"start":{"line":169,"column":48},"end":{"line":169,"column":69}},"line":169}},"branchMap":{"0":{"loc":{"start":{"line":86,"column":15},"end":{"line":86,"column":88}},"type":"cond-expr","locations":[{"start":{"line":86,"column":29},"end":{"line":86,"column":42}},{"start":{"line":86,"column":45},"end":{"line":86,"column":88}}],"line":86},"1":{"loc":{"start":{"line":86,"column":55},"end":{"line":86,"column":86}},"type":"binary-expr","locations":[{"start":{"line":86,"column":55},"end":{"line":86,"column":66}},{"start":{"line":86,"column":70},"end":{"line":86,"column":86}}],"line":86},"2":{"loc":{"start":{"line":88,"column":17},"end":{"line":90,"column":41}},"type":"cond-expr","locations":[{"start":{"line":89,"column":20},"end":{"line":89,"column":147}},{"start":{"line":90,"column":20},"end":{"line":90,"column":41}}],"line":88},"3":{"loc":{"start":{"line":89,"column":47},"end":{"line":89,"column":82}},"type":"cond-expr","locations":[{"start":{"line":89,"column":66},"end":{"line":89,"column":72}},{"start":{"line":89,"column":75},"end":{"line":89,"column":82}}],"line":89},"4":{"loc":{"start":{"line":89,"column":99},"end":{"line":89,"column":145}},"type":"cond-expr","locations":[{"start":{"line":89,"column":113},"end":{"line":89,"column":115}},{"start":{"line":89,"column":118},"end":{"line":89,"column":145}}],"line":89},"5":{"loc":{"start":{"line":127,"column":15},"end":{"line":156,"column":15}},"type":"cond-expr","locations":[{"start":{"line":128,"column":16},"end":{"line":136,"column":19}},{"start":{"line":138,"column":16},"end":{"line":155,"column":22}}],"line":127},"6":{"loc":{"start":{"line":139,"column":19},"end":{"line":154,"column":19}},"type":"cond-expr","locations":[{"start":{"line":140,"column":20},"end":{"line":142,"column":29}},{"start":{"line":144,"column":20},"end":{"line":153,"column":29}}],"line":139},"7":{"loc":{"start":{"line":158,"column":17},"end":{"line":180,"column":17}},"type":"cond-expr","locations":[{"start":{"line":159,"column":18},"end":{"line":159,"column":20}},{"start":{"line":161,"column":18},"end":{"line":179,"column":21}}],"line":158},"8":{"loc":{"start":{"line":158,"column":17},"end":{"line":158,"column":62}},"type":"binary-expr","locations":[{"start":{"line":158,"column":17},"end":{"line":158,"column":29}},{"start":{"line":158,"column":33},"end":{"line":158,"column":45}},{"start":{"line":158,"column":49},"end":{"line":158,"column":62}}],"line":158},"9":{"loc":{"start":{"line":175,"column":32},"end":{"line":175,"column":76}},"type":"binary-expr","locations":[{"start":{"line":175,"column":32},"end":{"line":175,"column":39}},{"start":{"line":175,"column":43},"end":{"line":175,"column":52}},{"start":{"line":175,"column":56},"end":{"line":175,"column":76}}],"line":175},"10":{"loc":{"start":{"line":177,"column":23},"end":{"line":177,"column":67}},"type":"cond-expr","locations":[{"start":{"line":177,"column":33},"end":{"line":177,"column":50}},{"start":{"line":177,"column":53},"end":{"line":177,"column":67}}],"line":177}},"s":{"0":1,"1":50,"2":50,"3":50,"4":50,"5":50,"6":50,"7":50,"8":50,"9":50,"10":50,"11":55,"12":50,"13":0,"14":50,"15":2,"16":2,"17":2,"18":3,"19":2,"20":2,"21":2,"22":0,"23":50,"24":15,"25":15,"26":15,"27":0,"28":50,"29":15,"30":50,"31":2,"32":2,"33":2,"34":2,"35":1,"36":1,"37":1,"38":1,"39":1,"40":1,"41":1,"42":50,"43":55,"44":2,"45":0,"46":0,"47":0,"48":30},"f":{"0":50,"1":50,"2":55,"3":2,"4":3,"5":15,"6":15,"7":2,"8":55,"9":2,"10":0,"11":0,"12":0,"13":30},"b":{"0":[6,44],"1":[44,44],"2":[44,6],"3":[35,9],"4":[40,4],"5":[39,11],"6":[5,6],"7":[20,30],"8":[50,35,32],"9":[30,28,18],"10":[2,28]},"_coverageSchema":"1a1c01bbd47fc00a2c39e90264f33305004495a9","hash":"a4fa3920af6b5f0ced87eb9df5d20463b9633c4f"}
,"/Users/pierce/Desktop/School/CS4218/cs4218-2420-ecom-project-team15/client/src/pages/Categories.js": {"path":"/Users/pierce/Desktop/School/CS4218/cs4218-2420-ecom-project-team15/client/src/pages/Categories.js","statementMap":{"0":{"start":{"line":5,"column":19},"end":{"line":22,"column":1}},"1":{"start":{"line":6,"column":21},"end":{"line":6,"column":34}},"2":{"start":{"line":7,"column":2},"end":{"line":21,"column":4}},"3":{"start":{"line":12,"column":12},"end":{"line":16,"column":18}}},"fnMap":{"0":{"name":"(anonymous_0)","decl":{"start":{"line":5,"column":19},"end":{"line":5,"column":20}},"loc":{"start":{"line":5,"column":25},"end":{"line":22,"column":1}},"line":5},"1":{"name":"(anonymous_1)","decl":{"start":{"line":11,"column":26},"end":{"line":11,"column":27}},"loc":{"start":{"line":12,"column":12},"end":{"line":16,"column":18}},"line":12}},"branchMap":{},"s":{"0":1,"1":2,"2":2,"3":2},"f":{"0":2,"1":2},"b":{},"_coverageSchema":"1a1c01bbd47fc00a2c39e90264f33305004495a9","hash":"24df1db64f29fd10316bc916a77c2562e3ffd721"}
,"/Users/pierce/Desktop/School/CS4218/cs4218-2420-ecom-project-team15/client/src/pages/CategoryProduct.js": {"path":"/Users/pierce/Desktop/School/CS4218/cs4218-2420-ecom-project-team15/client/src/pages/CategoryProduct.js","statementMap":{"0":{"start":{"line":6,"column":24},"end":{"line":73,"column":1}},"1":{"start":{"line":7,"column":17},"end":{"line":7,"column":28}},"2":{"start":{"line":8,"column":19},"end":{"line":8,"column":32}},"3":{"start":{"line":9,"column":34},"end":{"line":9,"column":46}},"4":{"start":{"line":10,"column":34},"end":{"line":10,"column":46}},"5":{"start":{"line":12,"column":2},"end":{"line":14,"column":21}},"6":{"start":{"line":13,"column":4},"end":{"line":13,"column":40}},"7":{"start":{"line":13,"column":22},"end":{"line":13,"column":40}},"8":{"start":{"line":16,"column":26},"end":{"line":26,"column":3}},"9":{"start":{"line":17,"column":4},"end":{"line":25,"column":5}},"10":{"start":{"line":18,"column":23},"end":{"line":20,"column":7}},"11":{"start":{"line":21,"column":6},"end":{"line":21,"column":34}},"12":{"start":{"line":22,"column":6},"end":{"line":22,"column":34}},"13":{"start":{"line":24,"column":6},"end":{"line":24,"column":25}},"14":{"start":{"line":28,"column":2},"end":{"line":72,"column":4}},"15":{"start":{"line":37,"column":16},"end":{"line":65,"column":22}},"16":{"start":{"line":59,"column":39},"end":{"line":59,"column":69}}},"fnMap":{"0":{"name":"(anonymous_0)","decl":{"start":{"line":6,"column":24},"end":{"line":6,"column":25}},"loc":{"start":{"line":6,"column":30},"end":{"line":73,"column":1}},"line":6},"1":{"name":"(anonymous_1)","decl":{"start":{"line":12,"column":12},"end":{"line":12,"column":13}},"loc":{"start":{"line":12,"column":18},"end":{"line":14,"column":3}},"line":12},"2":{"name":"(anonymous_2)","decl":{"start":{"line":16,"column":26},"end":{"line":16,"column":27}},"loc":{"start":{"line":16,"column":38},"end":{"line":26,"column":3}},"line":16},"3":{"name":"(anonymous_3)","decl":{"start":{"line":36,"column":29},"end":{"line":36,"column":30}},"loc":{"start":{"line":37,"column":16},"end":{"line":65,"column":22}},"line":37},"4":{"name":"(anonymous_4)","decl":{"start":{"line":59,"column":33},"end":{"line":59,"column":34}},"loc":{"start":{"line":59,"column":39},"end":{"line":59,"column":69}},"line":59}},"branchMap":{"0":{"loc":{"start":{"line":13,"column":4},"end":{"line":13,"column":40}},"type":"if","locations":[{"start":{"line":13,"column":4},"end":{"line":13,"column":40}},{"start":{},"end":{}}],"line":13}},"s":{"0":1,"1":10,"2":10,"3":10,"4":10,"5":10,"6":6,"7":5,"8":10,"9":5,"10":5,"11":4,"12":4,"13":1,"14":10,"15":12,"16":1},"f":{"0":10,"1":6,"2":5,"3":12,"4":1},"b":{"0":[5,1]},"_coverageSchema":"1a1c01bbd47fc00a2c39e90264f33305004495a9","hash":"b61475fb9c9a46eba5baaaaccfc5ff311e174f25"}
,"/Users/pierce/Desktop/School/CS4218/cs4218-2420-ecom-project-team15/client/src/pages/Contact.js": {"path":"/Users/pierce/Desktop/School/CS4218/cs4218-2420-ecom-project-team15/client/src/pages/Contact.js","statementMap":{"0":{"start":{"line":4,"column":16},"end":{"line":34,"column":1}},"1":{"start":{"line":5,"column":2},"end":{"line":33,"column":4}}},"fnMap":{"0":{"name":"(anonymous_0)","decl":{"start":{"line":4,"column":16},"end":{"line":4,"column":17}},"loc":{"start":{"line":4,"column":22},"end":{"line":34,"column":1}},"line":4}},"branchMap":{},"s":{"0":1,"1":4},"f":{"0":4},"b":{},"_coverageSchema":"1a1c01bbd47fc00a2c39e90264f33305004495a9","hash":"38ed7696fe18aa91632e328ee65d2915b017ef78"}
,"/Users/pierce/Desktop/School/CS4218/cs4218-2420-ecom-project-team15/client/src/pages/HomePage.js": {"path":"/Users/pierce/Desktop/School/CS4218/cs4218-2420-ecom-project-team15/client/src/pages/HomePage.js","statementMap":{"0":{"start":{"line":12,"column":17},"end":{"line":273,"column":1}},"1":{"start":{"line":13,"column":19},"end":{"line":13,"column":32}},"2":{"start":{"line":14,"column":26},"end":{"line":14,"column":35}},"3":{"start":{"line":15,"column":34},"end":{"line":15,"column":46}},"4":{"start":{"line":16,"column":38},"end":{"line":16,"column":50}},"5":{"start":{"line":17,"column":32},"end":{"line":17,"column":44}},"6":{"start":{"line":18,"column":28},"end":{"line":18,"column":40}},"7":{"start":{"line":19,"column":28},"end":{"line":19,"column":39}},"8":{"start":{"line":20,"column":26},"end":{"line":20,"column":37}},"9":{"start":{"line":21,"column":32},"end":{"line":21,"column":47}},"10":{"start":{"line":24,"column":25},"end":{"line":47,"column":3}},"11":{"start":{"line":25,"column":4},"end":{"line":46,"column":5}},"12":{"start":{"line":26,"column":23},"end":{"line":26,"column":71}},"13":{"start":{"line":28,"column":6},"end":{"line":32,"column":7}},"14":{"start":{"line":29,"column":8},"end":{"line":29,"column":59}},"15":{"start":{"line":30,"column":8},"end":{"line":30,"column":26}},"16":{"start":{"line":31,"column":8},"end":{"line":31,"column":15}},"17":{"start":{"line":34,"column":23},"end":{"line":34,"column":31}},"18":{"start":{"line":36,"column":6},"end":{"line":40,"column":7}},"19":{"start":{"line":37,"column":8},"end":{"line":37,"column":67}},"20":{"start":{"line":38,"column":8},"end":{"line":38,"column":26}},"21":{"start":{"line":39,"column":8},"end":{"line":39,"column":15}},"22":{"start":{"line":42,"column":6},"end":{"line":42,"column":35}},"23":{"start":{"line":44,"column":6},"end":{"line":44,"column":57}},"24":{"start":{"line":45,"column":6},"end":{"line":45,"column":24}},"25":{"start":{"line":50,"column":2},"end":{"line":53,"column":9}},"26":{"start":{"line":51,"column":4},"end":{"line":51,"column":21}},"27":{"start":{"line":52,"column":4},"end":{"line":52,"column":15}},"28":{"start":{"line":56,"column":23},"end":{"line":82,"column":1}},"29":{"start":{"line":57,"column":2},"end":{"line":81,"column":3}},"30":{"start":{"line":58,"column":4},"end":{"line":58,"column":21}},"31":{"start":{"line":59,"column":21},"end":{"line":59,"column":76}},"32":{"start":{"line":61,"column":4},"end":{"line":65,"column":5}},"33":{"start":{"line":62,"column":6},"end":{"line":62,"column":57}},"34":{"start":{"line":63,"column":6},"end":{"line":63,"column":22}},"35":{"start":{"line":64,"column":6},"end":{"line":64,"column":13}},"36":{"start":{"line":67,"column":21},"end":{"line":67,"column":29}},"37":{"start":{"line":69,"column":4},"end":{"line":73,"column":5}},"38":{"start":{"line":70,"column":6},"end":{"line":70,"column":68}},"39":{"start":{"line":71,"column":6},"end":{"line":71,"column":22}},"40":{"start":{"line":72,"column":6},"end":{"line":72,"column":13}},"41":{"start":{"line":75,"column":4},"end":{"line":75,"column":31}},"42":{"start":{"line":77,"column":4},"end":{"line":77,"column":53}},"43":{"start":{"line":78,"column":4},"end":{"line":78,"column":20}},"44":{"start":{"line":80,"column":4},"end":{"line":80,"column":22}},"45":{"start":{"line":86,"column":19},"end":{"line":109,"column":3}},"46":{"start":{"line":87,"column":4},"end":{"line":108,"column":5}},"47":{"start":{"line":88,"column":23},"end":{"line":88,"column":71}},"48":{"start":{"line":90,"column":6},"end":{"line":94,"column":7}},"49":{"start":{"line":91,"column":8},"end":{"line":91,"column":59}},"50":{"start":{"line":92,"column":8},"end":{"line":92,"column":20}},"51":{"start":{"line":93,"column":8},"end":{"line":93,"column":15}},"52":{"start":{"line":96,"column":23},"end":{"line":96,"column":31}},"53":{"start":{"line":98,"column":6},"end":{"line":102,"column":7}},"54":{"start":{"line":99,"column":8},"end":{"line":99,"column":68}},"55":{"start":{"line":100,"column":8},"end":{"line":100,"column":20}},"56":{"start":{"line":101,"column":8},"end":{"line":101,"column":15}},"57":{"start":{"line":104,"column":6},"end":{"line":104,"column":27}},"58":{"start":{"line":106,"column":6},"end":{"line":106,"column":60}},"59":{"start":{"line":107,"column":6},"end":{"line":107,"column":18}},"60":{"start":{"line":111,"column":2},"end":{"line":114,"column":13}},"61":{"start":{"line":112,"column":4},"end":{"line":112,"column":27}},"62":{"start":{"line":112,"column":20},"end":{"line":112,"column":27}},"63":{"start":{"line":113,"column":4},"end":{"line":113,"column":15}},"64":{"start":{"line":116,"column":19},"end":{"line":126,"column":3}},"65":{"start":{"line":117,"column":4},"end":{"line":125,"column":5}},"66":{"start":{"line":118,"column":6},"end":{"line":118,"column":23}},"67":{"start":{"line":119,"column":23},"end":{"line":119,"column":78}},"68":{"start":{"line":120,"column":6},"end":{"line":120,"column":24}},"69":{"start":{"line":121,"column":6},"end":{"line":121,"column":52}},"70":{"start":{"line":123,"column":6},"end":{"line":123,"column":25}},"71":{"start":{"line":124,"column":6},"end":{"line":124,"column":24}},"72":{"start":{"line":129,"column":23},"end":{"line":137,"column":3}},"73":{"start":{"line":130,"column":14},"end":{"line":130,"column":26}},"74":{"start":{"line":131,"column":4},"end":{"line":135,"column":5}},"75":{"start":{"line":132,"column":6},"end":{"line":132,"column":19}},"76":{"start":{"line":134,"column":6},"end":{"line":134,"column":40}},"77":{"start":{"line":134,"column":30},"end":{"line":134,"column":38}},"78":{"start":{"line":136,"column":4},"end":{"line":136,"column":20}},"79":{"start":{"line":138,"column":2},"end":{"line":140,"column":37}},"80":{"start":{"line":139,"column":4},"end":{"line":139,"column":59}},"81":{"start":{"line":139,"column":42},"end":{"line":139,"column":59}},"82":{"start":{"line":142,"column":2},"end":{"line":144,"column":23}},"83":{"start":{"line":143,"column":4},"end":{"line":143,"column":56}},"84":{"start":{"line":143,"column":40},"end":{"line":143,"column":56}},"85":{"start":{"line":147,"column":24},"end":{"line":157,"column":3}},"86":{"start":{"line":148,"column":4},"end":{"line":156,"column":5}},"87":{"start":{"line":149,"column":23},"end":{"line":152,"column":8}},"88":{"start":{"line":153,"column":6},"end":{"line":153,"column":34}},"89":{"start":{"line":155,"column":6},"end":{"line":155,"column":25}},"90":{"start":{"line":158,"column":2},"end":{"line":272,"column":4}},"91":{"start":{"line":173,"column":14},"end":{"line":178,"column":25}},"92":{"start":{"line":175,"column":33},"end":{"line":175,"column":70}},"93":{"start":{"line":184,"column":42},"end":{"line":184,"column":66}},"94":{"start":{"line":186,"column":16},"end":{"line":188,"column":22}},"95":{"start":{"line":195,"column":29},"end":{"line":195,"column":53}},"96":{"start":{"line":205,"column":14},"end":{"line":246,"column":20}},"97":{"start":{"line":227,"column":37},"end":{"line":227,"column":67}},"98":{"start":{"line":234,"column":24},"end":{"line":234,"column":46}},"99":{"start":{"line":235,"column":24},"end":{"line":238,"column":26}},"100":{"start":{"line":239,"column":24},"end":{"line":239,"column":60}},"101":{"start":{"line":254,"column":18},"end":{"line":254,"column":37}},"102":{"start":{"line":255,"column":18},"end":{"line":255,"column":36}}},"fnMap":{"0":{"name":"(anonymous_0)","decl":{"start":{"line":12,"column":17},"end":{"line":12,"column":18}},"loc":{"start":{"line":12,"column":23},"end":{"line":273,"column":1}},"line":12},"1":{"name":"(anonymous_1)","decl":{"start":{"line":24,"column":25},"end":{"line":24,"column":26}},"loc":{"start":{"line":24,"column":37},"end":{"line":47,"column":3}},"line":24},"2":{"name":"(anonymous_2)","decl":{"start":{"line":50,"column":12},"end":{"line":50,"column":13}},"loc":{"start":{"line":50,"column":18},"end":{"line":53,"column":3}},"line":50},"3":{"name":"(anonymous_3)","decl":{"start":{"line":56,"column":23},"end":{"line":56,"column":24}},"loc":{"start":{"line":56,"column":35},"end":{"line":82,"column":1}},"line":56},"4":{"name":"(anonymous_4)","decl":{"start":{"line":86,"column":19},"end":{"line":86,"column":20}},"loc":{"start":{"line":86,"column":31},"end":{"line":109,"column":3}},"line":86},"5":{"name":"(anonymous_5)","decl":{"start":{"line":111,"column":12},"end":{"line":111,"column":13}},"loc":{"start":{"line":111,"column":18},"end":{"line":114,"column":3}},"line":111},"6":{"name":"(anonymous_6)","decl":{"start":{"line":116,"column":19},"end":{"line":116,"column":20}},"loc":{"start":{"line":116,"column":31},"end":{"line":126,"column":3}},"line":116},"7":{"name":"(anonymous_7)","decl":{"start":{"line":129,"column":23},"end":{"line":129,"column":24}},"loc":{"start":{"line":129,"column":38},"end":{"line":137,"column":3}},"line":129},"8":{"name":"(anonymous_8)","decl":{"start":{"line":134,"column":23},"end":{"line":134,"column":24}},"loc":{"start":{"line":134,"column":30},"end":{"line":134,"column":38}},"line":134},"9":{"name":"(anonymous_9)","decl":{"start":{"line":138,"column":12},"end":{"line":138,"column":13}},"loc":{"start":{"line":138,"column":18},"end":{"line":140,"column":3}},"line":138},"10":{"name":"(anonymous_10)","decl":{"start":{"line":142,"column":12},"end":{"line":142,"column":13}},"loc":{"start":{"line":142,"column":18},"end":{"line":144,"column":3}},"line":142},"11":{"name":"(anonymous_11)","decl":{"start":{"line":147,"column":24},"end":{"line":147,"column":25}},"loc":{"start":{"line":147,"column":36},"end":{"line":157,"column":3}},"line":147},"12":{"name":"(anonymous_12)","decl":{"start":{"line":172,"column":29},"end":{"line":172,"column":30}},"loc":{"start":{"line":173,"column":14},"end":{"line":178,"column":25}},"line":173},"13":{"name":"(anonymous_13)","decl":{"start":{"line":175,"column":26},"end":{"line":175,"column":27}},"loc":{"start":{"line":175,"column":33},"end":{"line":175,"column":70}},"line":175},"14":{"name":"(anonymous_14)","decl":{"start":{"line":184,"column":35},"end":{"line":184,"column":36}},"loc":{"start":{"line":184,"column":42},"end":{"line":184,"column":66}},"line":184},"15":{"name":"(anonymous_15)","decl":{"start":{"line":185,"column":27},"end":{"line":185,"column":28}},"loc":{"start":{"line":186,"column":16},"end":{"line":188,"column":22}},"line":186},"16":{"name":"(anonymous_16)","decl":{"start":{"line":195,"column":23},"end":{"line":195,"column":24}},"loc":{"start":{"line":195,"column":29},"end":{"line":195,"column":53}},"line":195},"17":{"name":"(anonymous_17)","decl":{"start":{"line":204,"column":27},"end":{"line":204,"column":28}},"loc":{"start":{"line":205,"column":14},"end":{"line":246,"column":20}},"line":205},"18":{"name":"(anonymous_18)","decl":{"start":{"line":227,"column":31},"end":{"line":227,"column":32}},"loc":{"start":{"line":227,"column":37},"end":{"line":227,"column":67}},"line":227},"19":{"name":"(anonymous_19)","decl":{"start":{"line":233,"column":31},"end":{"line":233,"column":32}},"loc":{"start":{"line":233,"column":37},"end":{"line":240,"column":23}},"line":233},"20":{"name":"(anonymous_20)","decl":{"start":{"line":253,"column":25},"end":{"line":253,"column":26}},"loc":{"start":{"line":253,"column":32},"end":{"line":256,"column":17}},"line":253}},"branchMap":{"0":{"loc":{"start":{"line":28,"column":6},"end":{"line":32,"column":7}},"type":"if","locations":[{"start":{"line":28,"column":6},"end":{"line":32,"column":7}},{"start":{},"end":{}}],"line":28},"1":{"loc":{"start":{"line":28,"column":10},"end":{"line":28,"column":37}},"type":"binary-expr","locations":[{"start":{"line":28,"column":10},"end":{"line":28,"column":19}},{"start":{"line":28,"column":23},"end":{"line":28,"column":37}}],"line":28},"2":{"loc":{"start":{"line":36,"column":6},"end":{"line":40,"column":7}},"type":"if","locations":[{"start":{"line":36,"column":6},"end":{"line":40,"column":7}},{"start":{},"end":{}}],"line":36},"3":{"loc":{"start":{"line":36,"column":10},"end":{"line":36,"column":56}},"type":"binary-expr","locations":[{"start":{"line":36,"column":10},"end":{"line":36,"column":23}},{"start":{"line":36,"column":27},"end":{"line":36,"column":56}}],"line":36},"4":{"loc":{"start":{"line":61,"column":4},"end":{"line":65,"column":5}},"type":"if","locations":[{"start":{"line":61,"column":4},"end":{"line":65,"column":5}},{"start":{},"end":{}}],"line":61},"5":{"loc":{"start":{"line":61,"column":8},"end":{"line":61,"column":35}},"type":"binary-expr","locations":[{"start":{"line":61,"column":8},"end":{"line":61,"column":17}},{"start":{"line":61,"column":21},"end":{"line":61,"column":35}}],"line":61},"6":{"loc":{"start":{"line":69,"column":4},"end":{"line":73,"column":5}},"type":"if","locations":[{"start":{"line":69,"column":4},"end":{"line":73,"column":5}},{"start":{},"end":{}}],"line":69},"7":{"loc":{"start":{"line":90,"column":6},"end":{"line":94,"column":7}},"type":"if","locations":[{"start":{"line":90,"column":6},"end":{"line":94,"column":7}},{"start":{},"end":{}}],"line":90},"8":{"loc":{"start":{"line":90,"column":10},"end":{"line":90,"column":37}},"type":"binary-expr","locations":[{"start":{"line":90,"column":10},"end":{"line":90,"column":19}},{"start":{"line":90,"column":23},"end":{"line":90,"column":37}}],"line":90},"9":{"loc":{"start":{"line":98,"column":6},"end":{"line":102,"column":7}},"type":"if","locations":[{"start":{"line":98,"column":6},"end":{"line":102,"column":7}},{"start":{},"end":{}}],"line":98},"10":{"loc":{"start":{"line":112,"column":4},"end":{"line":112,"column":27}},"type":"if","locations":[{"start":{"line":112,"column":4},"end":{"line":112,"column":27}},{"start":{},"end":{}}],"line":112},"11":{"loc":{"start":{"line":131,"column":4},"end":{"line":135,"column":5}},"type":"if","locations":[{"start":{"line":131,"column":4},"end":{"line":135,"column":5}},{"start":{"line":133,"column":11},"end":{"line":135,"column":5}}],"line":131},"12":{"loc":{"start":{"line":139,"column":4},"end":{"line":139,"column":59}},"type":"if","locations":[{"start":{"line":139,"column":4},"end":{"line":139,"column":59}},{"start":{},"end":{}}],"line":139},"13":{"loc":{"start":{"line":139,"column":8},"end":{"line":139,"column":40}},"type":"binary-expr","locations":[{"start":{"line":139,"column":8},"end":{"line":139,"column":23}},{"start":{"line":139,"column":27},"end":{"line":139,"column":40}}],"line":139},"14":{"loc":{"start":{"line":143,"column":4},"end":{"line":143,"column":56}},"type":"if","locations":[{"start":{"line":143,"column":4},"end":{"line":143,"column":56}},{"start":{},"end":{}}],"line":143},"15":{"loc":{"start":{"line":143,"column":8},"end":{"line":143,"column":38}},"type":"binary-expr","locations":[{"start":{"line":143,"column":8},"end":{"line":143,"column":22}},{"start":{"line":143,"column":26},"end":{"line":143,"column":38}}],"line":143},"16":{"loc":{"start":{"line":250,"column":13},"end":{"line":267,"column":13}},"type":"binary-expr","locations":[{"start":{"line":250,"column":13},"end":{"line":250,"column":21}},{"start":{"line":250,"column":25},"end":{"line":250,"column":48}},{"start":{"line":251,"column":14},"end":{"line":266,"column":23}}],"line":250},"17":{"loc":{"start":{"line":258,"column":17},"end":{"line":265,"column":17}},"type":"cond-expr","locations":[{"start":{"line":259,"column":18},"end":{"line":259,"column":31}},{"start":{"line":261,"column":18},"end":{"line":264,"column":21}}],"line":258}},"s":{"0":1,"1":40,"2":40,"3":40,"4":40,"5":40,"6":40,"7":40,"8":40,"9":40,"10":40,"11":11,"12":11,"13":10,"14":3,"15":3,"16":3,"17":7,"18":7,"19":2,"20":2,"21":2,"22":5,"23":1,"24":1,"25":40,"26":11,"27":11,"28":40,"29":13,"30":13,"31":13,"32":13,"33":1,"34":1,"35":1,"36":12,"37":12,"38":0,"39":0,"40":0,"41":12,"42":0,"43":0,"44":13,"45":40,"46":11,"47":11,"48":11,"49":4,"50":4,"51":4,"52":7,"53":7,"54":2,"55":2,"56":2,"57":5,"58":0,"59":0,"60":40,"61":12,"62":11,"63":1,"64":40,"65":1,"66":1,"67":1,"68":1,"69":1,"70":0,"71":0,"72":40,"73":1,"74":1,"75":1,"76":0,"77":0,"78":1,"79":40,"80":13,"81":13,"82":40,"83":13,"84":2,"85":40,"86":2,"87":2,"88":2,"89":0,"90":40,"91":8,"92":1,"93":1,"94":240,"95":1,"96":24,"97":1,"98":1,"99":1,"100":1,"101":1,"102":1},"f":{"0":40,"1":11,"2":11,"3":13,"4":11,"5":12,"6":1,"7":1,"8":0,"9":13,"10":13,"11":2,"12":8,"13":1,"14":1,"15":240,"16":1,"17":24,"18":1,"19":1,"20":1},"b":{"0":[3,7],"1":[10,7],"2":[2,5],"3":[7,5],"4":[1,12],"5":[13,12],"6":[0,12],"7":[4,7],"8":[11,7],"9":[2,5],"10":[11,1],"11":[1,0],"12":[13,0],"13":[13,1],"14":[2,11],"15":[13,12],"16":[40,40,7],"17":[1,6]},"_coverageSchema":"1a1c01bbd47fc00a2c39e90264f33305004495a9","hash":"16fee512419c03c76577d6be6bc21c84b63a34ba"}
,"/Users/pierce/Desktop/School/CS4218/cs4218-2420-ecom-project-team15/client/src/pages/Pagenotfound.js": {"path":"/Users/pierce/Desktop/School/CS4218/cs4218-2420-ecom-project-team15/client/src/pages/Pagenotfound.js","statementMap":{"0":{"start":{"line":5,"column":21},"end":{"line":17,"column":1}},"1":{"start":{"line":6,"column":2},"end":{"line":16,"column":4}}},"fnMap":{"0":{"name":"(anonymous_0)","decl":{"start":{"line":5,"column":21},"end":{"line":5,"column":22}},"loc":{"start":{"line":5,"column":27},"end":{"line":17,"column":1}},"line":5}},"branchMap":{},"s":{"0":1,"1":3},"f":{"0":3},"b":{},"_coverageSchema":"1a1c01bbd47fc00a2c39e90264f33305004495a9","hash":"5c3d779848dfaff2f84594f454ca06b97eff7313"}
,"/Users/pierce/Desktop/School/CS4218/cs4218-2420-ecom-project-team15/client/src/pages/Policy.js": {"path":"/Users/pierce/Desktop/School/CS4218/cs4218-2420-ecom-project-team15/client/src/pages/Policy.js","statementMap":{"0":{"start":{"line":4,"column":15},"end":{"line":27,"column":1}},"1":{"start":{"line":5,"column":2},"end":{"line":26,"column":4}}},"fnMap":{"0":{"name":"(anonymous_0)","decl":{"start":{"line":4,"column":15},"end":{"line":4,"column":16}},"loc":{"start":{"line":4,"column":21},"end":{"line":27,"column":1}},"line":4}},"branchMap":{},"s":{"0":1,"1":3},"f":{"0":3},"b":{},"_coverageSchema":"1a1c01bbd47fc00a2c39e90264f33305004495a9","hash":"94ad2467cc0948938278d85ff0a825c2a225ad78"}
,"/Users/pierce/Desktop/School/CS4218/cs4218-2420-ecom-project-team15/client/src/pages/ProductDetails.js": {"path":"/Users/pierce/Desktop/School/CS4218/cs4218-2420-ecom-project-team15/client/src/pages/ProductDetails.js","statementMap":{"0":{"start":{"line":7,"column":23},"end":{"line":130,"column":1}},"1":{"start":{"line":8,"column":17},"end":{"line":8,"column":28}},"2":{"start":{"line":9,"column":19},"end":{"line":9,"column":32}},"3":{"start":{"line":10,"column":32},"end":{"line":10,"column":44}},"4":{"start":{"line":11,"column":48},"end":{"line":11,"column":60}},"5":{"start":{"line":14,"column":2},"end":{"line":16,"column":21}},"6":{"start":{"line":15,"column":4},"end":{"line":15,"column":35}},"7":{"start":{"line":15,"column":22},"end":{"line":15,"column":35}},"8":{"start":{"line":18,"column":21},"end":{"line":29,"column":3}},"9":{"start":{"line":19,"column":4},"end":{"line":28,"column":5}},"10":{"start":{"line":20,"column":23},"end":{"line":22,"column":7}},"11":{"start":{"line":23,"column":6},"end":{"line":23,"column":32}},"12":{"start":{"line":27,"column":6},"end":{"line":27,"column":25}},"13":{"start":{"line":32,"column":2},"end":{"line":36,"column":16}},"14":{"start":{"line":33,"column":4},"end":{"line":35,"column":5}},"15":{"start":{"line":34,"column":6},"end":{"line":34,"column":59}},"16":{"start":{"line":38,"column":28},"end":{"line":47,"column":3}},"17":{"start":{"line":39,"column":4},"end":{"line":46,"column":5}},"18":{"start":{"line":40,"column":23},"end":{"line":42,"column":7}},"19":{"start":{"line":43,"column":6},"end":{"line":43,"column":41}},"20":{"start":{"line":45,"column":6},"end":{"line":45,"column":25}},"21":{"start":{"line":48,"column":2},"end":{"line":129,"column":4}},"22":{"start":{"line":83,"column":12},"end":{"line":124,"column":18}},"23":{"start":{"line":105,"column":35},"end":{"line":105,"column":65}}},"fnMap":{"0":{"name":"(anonymous_0)","decl":{"start":{"line":7,"column":23},"end":{"line":7,"column":24}},"loc":{"start":{"line":7,"column":29},"end":{"line":130,"column":1}},"line":7},"1":{"name":"(anonymous_1)","decl":{"start":{"line":14,"column":12},"end":{"line":14,"column":13}},"loc":{"start":{"line":14,"column":18},"end":{"line":16,"column":3}},"line":14},"2":{"name":"(anonymous_2)","decl":{"start":{"line":18,"column":21},"end":{"line":18,"column":22}},"loc":{"start":{"line":18,"column":33},"end":{"line":29,"column":3}},"line":18},"3":{"name":"(anonymous_3)","decl":{"start":{"line":32,"column":12},"end":{"line":32,"column":13}},"loc":{"start":{"line":32,"column":18},"end":{"line":36,"column":3}},"line":32},"4":{"name":"(anonymous_4)","decl":{"start":{"line":38,"column":28},"end":{"line":38,"column":29}},"loc":{"start":{"line":38,"column":48},"end":{"line":47,"column":3}},"line":38},"5":{"name":"(anonymous_5)","decl":{"start":{"line":82,"column":32},"end":{"line":82,"column":33}},"loc":{"start":{"line":83,"column":12},"end":{"line":124,"column":18}},"line":83},"6":{"name":"(anonymous_6)","decl":{"start":{"line":105,"column":29},"end":{"line":105,"column":30}},"loc":{"start":{"line":105,"column":35},"end":{"line":105,"column":65}},"line":105}},"branchMap":{"0":{"loc":{"start":{"line":15,"column":4},"end":{"line":15,"column":35}},"type":"if","locations":[{"start":{"line":15,"column":4},"end":{"line":15,"column":35}},{"start":{},"end":{}}],"line":15},"1":{"loc":{"start":{"line":33,"column":4},"end":{"line":35,"column":5}},"type":"if","locations":[{"start":{"line":33,"column":4},"end":{"line":35,"column":5}},{"start":{},"end":{}}],"line":33},"2":{"loc":{"start":{"line":33,"column":8},"end":{"line":33,"column":46}},"type":"binary-expr","locations":[{"start":{"line":33,"column":8},"end":{"line":33,"column":20}},{"start":{"line":33,"column":24},"end":{"line":33,"column":46}}],"line":33},"3":{"loc":{"start":{"line":78,"column":9},"end":{"line":80,"column":9}},"type":"binary-expr","locations":[{"start":{"line":78,"column":9},"end":{"line":78,"column":35}},{"start":{"line":79,"column":10},"end":{"line":79,"column":66}}],"line":78}},"s":{"0":1,"1":13,"2":13,"3":13,"4":13,"5":13,"6":7,"7":6,"8":13,"9":6,"10":6,"11":4,"12":2,"13":13,"14":11,"15":4,"16":13,"17":4,"18":4,"19":3,"20":1,"21":13,"22":3,"23":1},"f":{"0":13,"1":7,"2":6,"3":11,"4":4,"5":3,"6":1},"b":{"0":[6,1],"1":[4,7],"2":[11,4],"3":[13,11]},"_coverageSchema":"1a1c01bbd47fc00a2c39e90264f33305004495a9","hash":"6000d707cda79e85c5d7139cfad60427f69992ed"}
,"/Users/pierce/Desktop/School/CS4218/cs4218-2420-ecom-project-team15/client/src/pages/Search.js": {"path":"/Users/pierce/Desktop/School/CS4218/cs4218-2420-ecom-project-team15/client/src/pages/Search.js","statementMap":{"0":{"start":{"line":4,"column":15},"end":{"line":40,"column":1}},"1":{"start":{"line":5,"column":30},"end":{"line":5,"column":41}},"2":{"start":{"line":6,"column":2},"end":{"line":39,"column":4}},"3":{"start":{"line":18,"column":14},"end":{"line":33,"column":20}}},"fnMap":{"0":{"name":"(anonymous_0)","decl":{"start":{"line":4,"column":15},"end":{"line":4,"column":16}},"loc":{"start":{"line":4,"column":21},"end":{"line":40,"column":1}},"line":4},"1":{"name":"(anonymous_1)","decl":{"start":{"line":17,"column":33},"end":{"line":17,"column":34}},"loc":{"start":{"line":18,"column":14},"end":{"line":33,"column":20}},"line":18}},"branchMap":{"0":{"loc":{"start":{"line":12,"column":13},"end":{"line":14,"column":49}},"type":"cond-expr","locations":[{"start":{"line":13,"column":16},"end":{"line":13,"column":35}},{"start":{"line":14,"column":16},"end":{"line":14,"column":49}}],"line":12}},"s":{"0":1,"1":7,"2":7,"3":7},"f":{"0":7,"1":7},"b":{"0":[2,5]},"_coverageSchema":"1a1c01bbd47fc00a2c39e90264f33305004495a9","hash":"608092f05c942545d51249891726942379947681"}
,"/Users/pierce/Desktop/School/CS4218/cs4218-2420-ecom-project-team15/client/src/pages/Auth/Login.js": {"path":"/Users/pierce/Desktop/School/CS4218/cs4218-2420-ecom-project-team15/client/src/pages/Auth/Login.js","statementMap":{"0":{"start":{"line":9,"column":14},"end":{"line":99,"column":1}},"1":{"start":{"line":10,"column":28},"end":{"line":10,"column":40}},"2":{"start":{"line":11,"column":34},"end":{"line":11,"column":46}},"3":{"start":{"line":12,"column":26},"end":{"line":12,"column":35}},"4":{"start":{"line":15,"column":19},"end":{"line":15,"column":32}},"5":{"start":{"line":16,"column":19},"end":{"line":16,"column":32}},"6":{"start":{"line":20,"column":23},"end":{"line":50,"column":3}},"7":{"start":{"line":21,"column":4},"end":{"line":21,"column":23}},"8":{"start":{"line":22,"column":4},"end":{"line":49,"column":5}},"9":{"start":{"line":23,"column":18},"end":{"line":26,"column":8}},"10":{"start":{"line":27,"column":6},"end":{"line":45,"column":7}},"11":{"start":{"line":28,"column":8},"end":{"line":35,"column":13}},"12":{"start":{"line":36,"column":8},"end":{"line":40,"column":11}},"13":{"start":{"line":41,"column":8},"end":{"line":41,"column":63}},"14":{"start":{"line":42,"column":8},"end":{"line":42,"column":40}},"15":{"start":{"line":44,"column":8},"end":{"line":44,"column":38}},"16":{"start":{"line":47,"column":6},"end":{"line":47,"column":25}},"17":{"start":{"line":48,"column":6},"end":{"line":48,"column":42}},"18":{"start":{"line":51,"column":2},"end":{"line":98,"column":4}},"19":{"start":{"line":62,"column":31},"end":{"line":62,"column":55}},"20":{"start":{"line":73,"column":31},"end":{"line":73,"column":58}},"21":{"start":{"line":85,"column":16},"end":{"line":85,"column":45}}},"fnMap":{"0":{"name":"(anonymous_0)","decl":{"start":{"line":9,"column":14},"end":{"line":9,"column":15}},"loc":{"start":{"line":9,"column":20},"end":{"line":99,"column":1}},"line":9},"1":{"name":"(anonymous_1)","decl":{"start":{"line":20,"column":23},"end":{"line":20,"column":24}},"loc":{"start":{"line":20,"column":36},"end":{"line":50,"column":3}},"line":20},"2":{"name":"(anonymous_2)","decl":{"start":{"line":62,"column":24},"end":{"line":62,"column":25}},"loc":{"start":{"line":62,"column":31},"end":{"line":62,"column":55}},"line":62},"3":{"name":"(anonymous_3)","decl":{"start":{"line":73,"column":24},"end":{"line":73,"column":25}},"loc":{"start":{"line":73,"column":31},"end":{"line":73,"column":58}},"line":73},"4":{"name":"(anonymous_4)","decl":{"start":{"line":84,"column":23},"end":{"line":84,"column":24}},"loc":{"start":{"line":84,"column":29},"end":{"line":86,"column":15}},"line":84}},"branchMap":{"0":{"loc":{"start":{"line":27,"column":6},"end":{"line":45,"column":7}},"type":"if","locations":[{"start":{"line":27,"column":6},"end":{"line":45,"column":7}},{"start":{"line":43,"column":13},"end":{"line":45,"column":7}}],"line":27},"1":{"loc":{"start":{"line":27,"column":10},"end":{"line":27,"column":33}},"type":"binary-expr","locations":[{"start":{"line":27,"column":10},"end":{"line":27,"column":13}},{"start":{"line":27,"column":17},"end":{"line":27,"column":33}}],"line":27},"2":{"loc":{"start":{"line":28,"column":22},"end":{"line":28,"column":50}},"type":"binary-expr","locations":[{"start":{"line":28,"column":22},"end":{"line":28,"column":30}},{"start":{"line":28,"column":34},"end":{"line":28,"column":50}}],"line":28},"3":{"loc":{"start":{"line":42,"column":17},"end":{"line":42,"column":38}},"type":"binary-expr","locations":[{"start":{"line":42,"column":17},"end":{"line":42,"column":31}},{"start":{"line":42,"column":35},"end":{"line":42,"column":38}}],"line":42}},"s":{"0":1,"1":15,"2":15,"3":15,"4":15,"5":15,"6":15,"7":3,"8":3,"9":3,"10":2,"11":1,"12":1,"13":1,"14":1,"15":1,"16":1,"17":1,"18":15,"19":4,"20":4,"21":1},"f":{"0":15,"1":3,"2":4,"3":4,"4":1},"b":{"0":[1,1],"1":[2,2],"2":[1,1],"3":[1,1]},"_coverageSchema":"1a1c01bbd47fc00a2c39e90264f33305004495a9","hash":"695bbbaa81a9d3b2ae3b86d486510341eb32db12"}
,"/Users/pierce/Desktop/School/CS4218/cs4218-2420-ecom-project-team15/client/src/pages/Auth/Register.js": {"path":"/Users/pierce/Desktop/School/CS4218/cs4218-2420-ecom-project-team15/client/src/pages/Auth/Register.js","statementMap":{"0":{"start":{"line":7,"column":17},"end":{"line":132,"column":1}},"1":{"start":{"line":8,"column":26},"end":{"line":8,"column":38}},"2":{"start":{"line":9,"column":28},"end":{"line":9,"column":40}},"3":{"start":{"line":10,"column":34},"end":{"line":10,"column":46}},"4":{"start":{"line":11,"column":28},"end":{"line":11,"column":40}},"5":{"start":{"line":12,"column":32},"end":{"line":12,"column":44}},"6":{"start":{"line":13,"column":24},"end":{"line":13,"column":36}},"7":{"start":{"line":14,"column":30},"end":{"line":14,"column":42}},"8":{"start":{"line":15,"column":19},"end":{"line":15,"column":32}},"9":{"start":{"line":18,"column":23},"end":{"line":40,"column":3}},"10":{"start":{"line":19,"column":4},"end":{"line":19,"column":23}},"11":{"start":{"line":20,"column":4},"end":{"line":39,"column":5}},"12":{"start":{"line":21,"column":18},"end":{"line":29,"column":8}},"13":{"start":{"line":30,"column":6},"end":{"line":35,"column":7}},"14":{"start":{"line":31,"column":8},"end":{"line":31,"column":61}},"15":{"start":{"line":32,"column":8},"end":{"line":32,"column":27}},"16":{"start":{"line":34,"column":8},"end":{"line":34,"column":38}},"17":{"start":{"line":37,"column":6},"end":{"line":37,"column":25}},"18":{"start":{"line":38,"column":6},"end":{"line":38,"column":42}},"19":{"start":{"line":42,"column":2},"end":{"line":131,"column":4}},"20":{"start":{"line":51,"column":31},"end":{"line":51,"column":54}},"21":{"start":{"line":63,"column":31},"end":{"line":63,"column":55}},"22":{"start":{"line":74,"column":31},"end":{"line":74,"column":58}},"23":{"start":{"line":85,"column":31},"end":{"line":85,"column":55}},"24":{"start":{"line":96,"column":31},"end":{"line":96,"column":57}},"25":{"start":{"line":107,"column":31},"end":{"line":107,"column":53}},"26":{"start":{"line":118,"column":31},"end":{"line":118,"column":56}}},"fnMap":{"0":{"name":"(anonymous_0)","decl":{"start":{"line":7,"column":17},"end":{"line":7,"column":18}},"loc":{"start":{"line":7,"column":23},"end":{"line":132,"column":1}},"line":7},"1":{"name":"(anonymous_1)","decl":{"start":{"line":18,"column":23},"end":{"line":18,"column":24}},"loc":{"start":{"line":18,"column":36},"end":{"line":40,"column":3}},"line":18},"2":{"name":"(anonymous_2)","decl":{"start":{"line":51,"column":24},"end":{"line":51,"column":25}},"loc":{"start":{"line":51,"column":31},"end":{"line":51,"column":54}},"line":51},"3":{"name":"(anonymous_3)","decl":{"start":{"line":63,"column":24},"end":{"line":63,"column":25}},"loc":{"start":{"line":63,"column":31},"end":{"line":63,"column":55}},"line":63},"4":{"name":"(anonymous_4)","decl":{"start":{"line":74,"column":24},"end":{"line":74,"column":25}},"loc":{"start":{"line":74,"column":31},"end":{"line":74,"column":58}},"line":74},"5":{"name":"(anonymous_5)","decl":{"start":{"line":85,"column":24},"end":{"line":85,"column":25}},"loc":{"start":{"line":85,"column":31},"end":{"line":85,"column":55}},"line":85},"6":{"name":"(anonymous_6)","decl":{"start":{"line":96,"column":24},"end":{"line":96,"column":25}},"loc":{"start":{"line":96,"column":31},"end":{"line":96,"column":57}},"line":96},"7":{"name":"(anonymous_7)","decl":{"start":{"line":107,"column":24},"end":{"line":107,"column":25}},"loc":{"start":{"line":107,"column":31},"end":{"line":107,"column":53}},"line":107},"8":{"name":"(anonymous_8)","decl":{"start":{"line":118,"column":24},"end":{"line":118,"column":25}},"loc":{"start":{"line":118,"column":31},"end":{"line":118,"column":56}},"line":118}},"branchMap":{"0":{"loc":{"start":{"line":30,"column":6},"end":{"line":35,"column":7}},"type":"if","locations":[{"start":{"line":30,"column":6},"end":{"line":35,"column":7}},{"start":{"line":33,"column":13},"end":{"line":35,"column":7}}],"line":30},"1":{"loc":{"start":{"line":30,"column":10},"end":{"line":30,"column":33}},"type":"binary-expr","locations":[{"start":{"line":30,"column":10},"end":{"line":30,"column":13}},{"start":{"line":30,"column":17},"end":{"line":30,"column":33}}],"line":30}},"s":{"0":1,"1":24,"2":24,"3":24,"4":24,"5":24,"6":24,"7":24,"8":24,"9":24,"10":3,"11":3,"12":3,"13":2,"14":1,"15":1,"16":1,"17":1,"18":1,"19":24,"20":3,"21":3,"22":3,"23":3,"24":3,"25":3,"26":3},"f":{"0":24,"1":3,"2":3,"3":3,"4":3,"5":3,"6":3,"7":3,"8":3},"b":{"0":[1,1],"1":[2,2]},"_coverageSchema":"1a1c01bbd47fc00a2c39e90264f33305004495a9","hash":"ca2da98ae021bc518d79750da8c07c39cfdd7ae6"}
,"/Users/pierce/Desktop/School/CS4218/cs4218-2420-ecom-project-team15/client/src/pages/admin/AdminDashboard.js": {"path":"/Users/pierce/Desktop/School/CS4218/cs4218-2420-ecom-project-team15/client/src/pages/admin/AdminDashboard.js","statementMap":{"0":{"start":{"line":5,"column":23},"end":{"line":25,"column":1}},"1":{"start":{"line":6,"column":17},"end":{"line":6,"column":26}},"2":{"start":{"line":7,"column":2},"end":{"line":24,"column":4}}},"fnMap":{"0":{"name":"(anonymous_0)","decl":{"start":{"line":5,"column":23},"end":{"line":5,"column":24}},"loc":{"start":{"line":5,"column":29},"end":{"line":25,"column":1}},"line":5}},"branchMap":{},"s":{"0":1,"1":1,"2":1},"f":{"0":1},"b":{},"_coverageSchema":"1a1c01bbd47fc00a2c39e90264f33305004495a9","hash":"c2ac916aa00f679f143db4a20bf6392e11d5ab2a"}
,"/Users/pierce/Desktop/School/CS4218/cs4218-2420-ecom-project-team15/client/src/pages/admin/AdminOrders.js": {"path":"/Users/pierce/Desktop/School/CS4218/cs4218-2420-ecom-project-team15/client/src/pages/admin/AdminOrders.js","statementMap":{"0":{"start":{"line":9,"column":19},"end":{"line":9,"column":25}},"1":{"start":{"line":11,"column":20},"end":{"line":117,"column":1}},"2":{"start":{"line":12,"column":30},"end":{"line":18,"column":4}},"3":{"start":{"line":19,"column":42},"end":{"line":19,"column":54}},"4":{"start":{"line":20,"column":30},"end":{"line":20,"column":42}},"5":{"start":{"line":21,"column":26},"end":{"line":21,"column":35}},"6":{"start":{"line":22,"column":20},"end":{"line":29,"column":3}},"7":{"start":{"line":23,"column":4},"end":{"line":28,"column":5}},"8":{"start":{"line":24,"column":23},"end":{"line":24,"column":65}},"9":{"start":{"line":25,"column":6},"end":{"line":25,"column":22}},"10":{"start":{"line":27,"column":6},"end":{"line":27,"column":25}},"11":{"start":{"line":31,"column":2},"end":{"line":33,"column":20}},"12":{"start":{"line":32,"column":4},"end":{"line":32,"column":33}},"13":{"start":{"line":32,"column":21},"end":{"line":32,"column":33}},"14":{"start":{"line":35,"column":23},"end":{"line":44,"column":3}},"15":{"start":{"line":36,"column":4},"end":{"line":43,"column":5}},"16":{"start":{"line":37,"column":23},"end":{"line":39,"column":8}},"17":{"start":{"line":40,"column":6},"end":{"line":40,"column":18}},"18":{"start":{"line":42,"column":6},"end":{"line":42,"column":25}},"19":{"start":{"line":45,"column":2},"end":{"line":116,"column":4}},"20":{"start":{"line":54,"column":12},"end":{"line":111,"column":14}},"21":{"start":{"line":73,"column":47},"end":{"line":73,"column":73}},"22":{"start":{"line":77,"column":28},"end":{"line":79,"column":37}},"23":{"start":{"line":92,"column":20},"end":{"line":107,"column":26}}},"fnMap":{"0":{"name":"(anonymous_0)","decl":{"start":{"line":11,"column":20},"end":{"line":11,"column":21}},"loc":{"start":{"line":11,"column":26},"end":{"line":117,"column":1}},"line":11},"1":{"name":"(anonymous_1)","decl":{"start":{"line":22,"column":20},"end":{"line":22,"column":21}},"loc":{"start":{"line":22,"column":32},"end":{"line":29,"column":3}},"line":22},"2":{"name":"(anonymous_2)","decl":{"start":{"line":31,"column":12},"end":{"line":31,"column":13}},"loc":{"start":{"line":31,"column":18},"end":{"line":33,"column":3}},"line":31},"3":{"name":"(anonymous_3)","decl":{"start":{"line":35,"column":23},"end":{"line":35,"column":24}},"loc":{"start":{"line":35,"column":49},"end":{"line":44,"column":3}},"line":35},"4":{"name":"(anonymous_4)","decl":{"start":{"line":53,"column":23},"end":{"line":53,"column":24}},"loc":{"start":{"line":53,"column":33},"end":{"line":112,"column":11}},"line":53},"5":{"name":"(anonymous_5)","decl":{"start":{"line":73,"column":36},"end":{"line":73,"column":37}},"loc":{"start":{"line":73,"column":47},"end":{"line":73,"column":73}},"line":73},"6":{"name":"(anonymous_6)","decl":{"start":{"line":76,"column":38},"end":{"line":76,"column":39}},"loc":{"start":{"line":77,"column":28},"end":{"line":79,"column":37}},"line":77},"7":{"name":"(anonymous_7)","decl":{"start":{"line":91,"column":36},"end":{"line":91,"column":37}},"loc":{"start":{"line":92,"column":20},"end":{"line":107,"column":26}},"line":92}},"branchMap":{"0":{"loc":{"start":{"line":32,"column":4},"end":{"line":32,"column":33}},"type":"if","locations":[{"start":{"line":32,"column":4},"end":{"line":32,"column":33}},{"start":{},"end":{}}],"line":32},"1":{"loc":{"start":{"line":85,"column":27},"end":{"line":85,"column":68}},"type":"cond-expr","locations":[{"start":{"line":85,"column":48},"end":{"line":85,"column":57}},{"start":{"line":85,"column":60},"end":{"line":85,"column":68}}],"line":85}},"s":{"0":1,"1":1,"2":10,"3":10,"4":10,"5":10,"6":10,"7":6,"8":6,"9":4,"10":2,"11":10,"12":6,"13":5,"14":10,"15":2,"16":2,"17":1,"18":1,"19":10,"20":6,"21":2,"22":30,"23":12},"f":{"0":10,"1":6,"2":6,"3":2,"4":6,"5":2,"6":30,"7":12},"b":{"0":[5,1],"1":[3,3]},"_coverageSchema":"1a1c01bbd47fc00a2c39e90264f33305004495a9","hash":"e06833a1ebe8525715e3700d7d202d1da504eb53"}
,"/Users/pierce/Desktop/School/CS4218/cs4218-2420-ecom-project-team15/client/src/pages/admin/CreateCategory.js": {"path":"/Users/pierce/Desktop/School/CS4218/cs4218-2420-ecom-project-team15/client/src/pages/admin/CreateCategory.js","statementMap":{"0":{"start":{"line":8,"column":23},"end":{"line":160,"column":1}},"1":{"start":{"line":9,"column":38},"end":{"line":9,"column":50}},"2":{"start":{"line":10,"column":26},"end":{"line":10,"column":38}},"3":{"start":{"line":11,"column":32},"end":{"line":11,"column":47}},"4":{"start":{"line":12,"column":34},"end":{"line":12,"column":48}},"5":{"start":{"line":13,"column":40},"end":{"line":13,"column":52}},"6":{"start":{"line":15,"column":23},"end":{"line":31,"column":3}},"7":{"start":{"line":16,"column":4},"end":{"line":16,"column":23}},"8":{"start":{"line":17,"column":4},"end":{"line":30,"column":5}},"9":{"start":{"line":18,"column":23},"end":{"line":20,"column":8}},"10":{"start":{"line":21,"column":6},"end":{"line":26,"column":7}},"11":{"start":{"line":22,"column":8},"end":{"line":22,"column":44}},"12":{"start":{"line":23,"column":8},"end":{"line":23,"column":25}},"13":{"start":{"line":25,"column":8},"end":{"line":25,"column":34}},"14":{"start":{"line":28,"column":6},"end":{"line":28,"column":25}},"15":{"start":{"line":29,"column":6},"end":{"line":29,"column":56}},"16":{"start":{"line":34,"column":25},"end":{"line":46,"column":3}},"17":{"start":{"line":35,"column":4},"end":{"line":45,"column":5}},"18":{"start":{"line":36,"column":23},"end":{"line":36,"column":71}},"19":{"start":{"line":37,"column":6},"end":{"line":41,"column":7}},"20":{"start":{"line":38,"column":8},"end":{"line":38,"column":37}},"21":{"start":{"line":40,"column":8},"end":{"line":40,"column":48}},"22":{"start":{"line":43,"column":6},"end":{"line":43,"column":25}},"23":{"start":{"line":44,"column":6},"end":{"line":44,"column":62}},"24":{"start":{"line":48,"column":2},"end":{"line":50,"column":9}},"25":{"start":{"line":49,"column":4},"end":{"line":49,"column":21}},"26":{"start":{"line":53,"column":23},"end":{"line":72,"column":3}},"27":{"start":{"line":54,"column":4},"end":{"line":54,"column":23}},"28":{"start":{"line":55,"column":4},"end":{"line":71,"column":5}},"29":{"start":{"line":56,"column":23},"end":{"line":59,"column":7}},"30":{"start":{"line":60,"column":6},"end":{"line":68,"column":7}},"31":{"start":{"line":61,"column":8},"end":{"line":61,"column":51}},"32":{"start":{"line":62,"column":8},"end":{"line":62,"column":26}},"33":{"start":{"line":63,"column":8},"end":{"line":63,"column":27}},"34":{"start":{"line":64,"column":8},"end":{"line":64,"column":26}},"35":{"start":{"line":65,"column":8},"end":{"line":65,"column":25}},"36":{"start":{"line":67,"column":8},"end":{"line":67,"column":34}},"37":{"start":{"line":70,"column":6},"end":{"line":70,"column":42}},"38":{"start":{"line":75,"column":23},"end":{"line":89,"column":3}},"39":{"start":{"line":76,"column":4},"end":{"line":88,"column":5}},"40":{"start":{"line":77,"column":23},"end":{"line":79,"column":7}},"41":{"start":{"line":80,"column":6},"end":{"line":85,"column":7}},"42":{"start":{"line":81,"column":8},"end":{"line":81,"column":45}},"43":{"start":{"line":82,"column":8},"end":{"line":82,"column":25}},"44":{"start":{"line":84,"column":8},"end":{"line":84,"column":34}},"45":{"start":{"line":87,"column":6},"end":{"line":87,"column":42}},"46":{"start":{"line":91,"column":2},"end":{"line":159,"column":4}},"47":{"start":{"line":117,"column":20},"end":{"line":139,"column":25}},"48":{"start":{"line":123,"column":28},"end":{"line":123,"column":45}},"49":{"start":{"line":124,"column":28},"end":{"line":124,"column":51}},"50":{"start":{"line":125,"column":28},"end":{"line":125,"column":43}},"51":{"start":{"line":133,"column":28},"end":{"line":133,"column":48}},"52":{"start":{"line":145,"column":30},"end":{"line":145,"column":47}}},"fnMap":{"0":{"name":"(anonymous_0)","decl":{"start":{"line":8,"column":23},"end":{"line":8,"column":24}},"loc":{"start":{"line":8,"column":29},"end":{"line":160,"column":1}},"line":8},"1":{"name":"(anonymous_1)","decl":{"start":{"line":15,"column":23},"end":{"line":15,"column":24}},"loc":{"start":{"line":15,"column":36},"end":{"line":31,"column":3}},"line":15},"2":{"name":"(anonymous_2)","decl":{"start":{"line":34,"column":25},"end":{"line":34,"column":26}},"loc":{"start":{"line":34,"column":37},"end":{"line":46,"column":3}},"line":34},"3":{"name":"(anonymous_3)","decl":{"start":{"line":48,"column":12},"end":{"line":48,"column":13}},"loc":{"start":{"line":48,"column":18},"end":{"line":50,"column":3}},"line":48},"4":{"name":"(anonymous_4)","decl":{"start":{"line":53,"column":23},"end":{"line":53,"column":24}},"loc":{"start":{"line":53,"column":36},"end":{"line":72,"column":3}},"line":53},"5":{"name":"(anonymous_5)","decl":{"start":{"line":75,"column":23},"end":{"line":75,"column":24}},"loc":{"start":{"line":75,"column":38},"end":{"line":89,"column":3}},"line":75},"6":{"name":"(anonymous_6)","decl":{"start":{"line":116,"column":35},"end":{"line":116,"column":36}},"loc":{"start":{"line":117,"column":20},"end":{"line":139,"column":25}},"line":117},"7":{"name":"(anonymous_7)","decl":{"start":{"line":122,"column":35},"end":{"line":122,"column":36}},"loc":{"start":{"line":122,"column":41},"end":{"line":126,"column":27}},"line":122},"8":{"name":"(anonymous_8)","decl":{"start":{"line":132,"column":35},"end":{"line":132,"column":36}},"loc":{"start":{"line":132,"column":41},"end":{"line":134,"column":27}},"line":132},"9":{"name":"(anonymous_9)","decl":{"start":{"line":145,"column":24},"end":{"line":145,"column":25}},"loc":{"start":{"line":145,"column":30},"end":{"line":145,"column":47}},"line":145}},"branchMap":{"0":{"loc":{"start":{"line":21,"column":6},"end":{"line":26,"column":7}},"type":"if","locations":[{"start":{"line":21,"column":6},"end":{"line":26,"column":7}},{"start":{"line":24,"column":13},"end":{"line":26,"column":7}}],"line":21},"1":{"loc":{"start":{"line":37,"column":6},"end":{"line":41,"column":7}},"type":"if","locations":[{"start":{"line":37,"column":6},"end":{"line":41,"column":7}},{"start":{"line":39,"column":13},"end":{"line":41,"column":7}}],"line":37},"2":{"loc":{"start":{"line":60,"column":6},"end":{"line":68,"column":7}},"type":"if","locations":[{"start":{"line":60,"column":6},"end":{"line":68,"column":7}},{"start":{"line":66,"column":13},"end":{"line":68,"column":7}}],"line":60},"3":{"loc":{"start":{"line":80,"column":6},"end":{"line":85,"column":7}},"type":"if","locations":[{"start":{"line":80,"column":6},"end":{"line":85,"column":7}},{"start":{"line":83,"column":13},"end":{"line":85,"column":7}}],"line":80}},"s":{"0":1,"1":38,"2":38,"3":38,"4":38,"5":38,"6":38,"7":3,"8":3,"9":3,"10":2,"11":1,"12":1,"13":1,"14":1,"15":1,"16":38,"17":16,"18":16,"19":15,"20":14,"21":1,"22":1,"23":1,"24":38,"25":13,"26":38,"27":3,"28":3,"29":3,"30":2,"31":1,"32":1,"33":1,"34":1,"35":1,"36":1,"37":1,"38":38,"39":3,"40":3,"41":2,"42":1,"43":1,"44":1,"45":1,"46":38,"47":38,"48":4,"49":4,"50":4,"51":3,"52":1},"f":{"0":38,"1":3,"2":16,"3":13,"4":3,"5":3,"6":38,"7":4,"8":3,"9":1},"b":{"0":[1,1],"1":[14,1],"2":[1,1],"3":[1,1]},"_coverageSchema":"1a1c01bbd47fc00a2c39e90264f33305004495a9","hash":"2ec7429035ea8d16efc03c57bccbed84b75f7b38"}
,"/Users/pierce/Desktop/School/CS4218/cs4218-2420-ecom-project-team15/client/src/pages/admin/CreateProduct.js": {"path":"/Users/pierce/Desktop/School/CS4218/cs4218-2420-ecom-project-team15/client/src/pages/admin/CreateProduct.js","statementMap":{"0":{"start":{"line":8,"column":19},"end":{"line":8,"column":25}},"1":{"start":{"line":10,"column":22},"end":{"line":193,"column":1}},"2":{"start":{"line":11,"column":19},"end":{"line":11,"column":32}},"3":{"start":{"line":12,"column":38},"end":{"line":12,"column":50}},"4":{"start":{"line":13,"column":26},"end":{"line":13,"column":38}},"5":{"start":{"line":14,"column":40},"end":{"line":14,"column":52}},"6":{"start":{"line":15,"column":28},"end":{"line":15,"column":40}},"7":{"start":{"line":16,"column":34},"end":{"line":16,"column":46}},"8":{"start":{"line":17,"column":34},"end":{"line":17,"column":46}},"9":{"start":{"line":18,"column":34},"end":{"line":18,"column":46}},"10":{"start":{"line":19,"column":28},"end":{"line":19,"column":40}},"11":{"start":{"line":22,"column":25},"end":{"line":34,"column":3}},"12":{"start":{"line":23,"column":4},"end":{"line":33,"column":5}},"13":{"start":{"line":24,"column":23},"end":{"line":24,"column":71}},"14":{"start":{"line":25,"column":6},"end":{"line":29,"column":7}},"15":{"start":{"line":26,"column":8},"end":{"line":26,"column":38}},"16":{"start":{"line":28,"column":8},"end":{"line":28,"column":48}},"17":{"start":{"line":31,"column":6},"end":{"line":31,"column":25}},"18":{"start":{"line":32,"column":6},"end":{"line":32,"column":62}},"19":{"start":{"line":36,"column":2},"end":{"line":38,"column":9}},"20":{"start":{"line":37,"column":4},"end":{"line":37,"column":21}},"21":{"start":{"line":41,"column":23},"end":{"line":78,"column":3}},"22":{"start":{"line":42,"column":4},"end":{"line":42,"column":23}},"23":{"start":{"line":43,"column":4},"end":{"line":77,"column":5}},"24":{"start":{"line":44,"column":26},"end":{"line":44,"column":40}},"25":{"start":{"line":45,"column":6},"end":{"line":45,"column":39}},"26":{"start":{"line":46,"column":6},"end":{"line":46,"column":53}},"27":{"start":{"line":47,"column":6},"end":{"line":47,"column":41}},"28":{"start":{"line":48,"column":6},"end":{"line":48,"column":47}},"29":{"start":{"line":49,"column":6},"end":{"line":49,"column":41}},"30":{"start":{"line":50,"column":6},"end":{"line":50,"column":47}},"31":{"start":{"line":51,"column":6},"end":{"line":51,"column":47}},"32":{"start":{"line":52,"column":6},"end":{"line":55,"column":7}},"33":{"start":{"line":53,"column":8},"end":{"line":53,"column":52}},"34":{"start":{"line":54,"column":8},"end":{"line":54,"column":15}},"35":{"start":{"line":56,"column":6},"end":{"line":59,"column":7}},"36":{"start":{"line":57,"column":8},"end":{"line":57,"column":55}},"37":{"start":{"line":58,"column":8},"end":{"line":58,"column":15}},"38":{"start":{"line":60,"column":6},"end":{"line":63,"column":7}},"39":{"start":{"line":61,"column":8},"end":{"line":61,"column":47}},"40":{"start":{"line":62,"column":8},"end":{"line":62,"column":15}},"41":{"start":{"line":64,"column":23},"end":{"line":67,"column":7}},"42":{"start":{"line":68,"column":6},"end":{"line":73,"column":7}},"43":{"start":{"line":69,"column":8},"end":{"line":69,"column":54}},"44":{"start":{"line":70,"column":8},"end":{"line":70,"column":46}},"45":{"start":{"line":72,"column":8},"end":{"line":72,"column":35}},"46":{"start":{"line":75,"column":6},"end":{"line":75,"column":25}},"47":{"start":{"line":76,"column":6},"end":{"line":76,"column":42}},"48":{"start":{"line":80,"column":2},"end":{"line":192,"column":4}},"49":{"start":{"line":97,"column":18},"end":{"line":97,"column":37}},"50":{"start":{"line":101,"column":18},"end":{"line":103,"column":27}},"51":{"start":{"line":113,"column":37},"end":{"line":113,"column":64}},"52":{"start":{"line":136,"column":35},"end":{"line":136,"column":58}},"53":{"start":{"line":145,"column":35},"end":{"line":145,"column":65}},"54":{"start":{"line":155,"column":35},"end":{"line":155,"column":59}},"55":{"start":{"line":164,"column":35},"end":{"line":164,"column":62}},"56":{"start":{"line":175,"column":20},"end":{"line":175,"column":39}}},"fnMap":{"0":{"name":"(anonymous_0)","decl":{"start":{"line":10,"column":22},"end":{"line":10,"column":23}},"loc":{"start":{"line":10,"column":28},"end":{"line":193,"column":1}},"line":10},"1":{"name":"(anonymous_1)","decl":{"start":{"line":22,"column":25},"end":{"line":22,"column":26}},"loc":{"start":{"line":22,"column":37},"end":{"line":34,"column":3}},"line":22},"2":{"name":"(anonymous_2)","decl":{"start":{"line":36,"column":12},"end":{"line":36,"column":13}},"loc":{"start":{"line":36,"column":18},"end":{"line":38,"column":3}},"line":36},"3":{"name":"(anonymous_3)","decl":{"start":{"line":41,"column":23},"end":{"line":41,"column":24}},"loc":{"start":{"line":41,"column":36},"end":{"line":78,"column":3}},"line":41},"4":{"name":"(anonymous_4)","decl":{"start":{"line":96,"column":26},"end":{"line":96,"column":27}},"loc":{"start":{"line":96,"column":37},"end":{"line":98,"column":17}},"line":96},"5":{"name":"(anonymous_5)","decl":{"start":{"line":100,"column":33},"end":{"line":100,"column":34}},"loc":{"start":{"line":101,"column":18},"end":{"line":103,"column":27}},"line":101},"6":{"name":"(anonymous_6)","decl":{"start":{"line":113,"column":30},"end":{"line":113,"column":31}},"loc":{"start":{"line":113,"column":37},"end":{"line":113,"column":64}},"line":113},"7":{"name":"(anonymous_7)","decl":{"start":{"line":136,"column":28},"end":{"line":136,"column":29}},"loc":{"start":{"line":136,"column":35},"end":{"line":136,"column":58}},"line":136},"8":{"name":"(anonymous_8)","decl":{"start":{"line":145,"column":28},"end":{"line":145,"column":29}},"loc":{"start":{"line":145,"column":35},"end":{"line":145,"column":65}},"line":145},"9":{"name":"(anonymous_9)","decl":{"start":{"line":155,"column":28},"end":{"line":155,"column":29}},"loc":{"start":{"line":155,"column":35},"end":{"line":155,"column":59}},"line":155},"10":{"name":"(anonymous_10)","decl":{"start":{"line":164,"column":28},"end":{"line":164,"column":29}},"loc":{"start":{"line":164,"column":35},"end":{"line":164,"column":62}},"line":164},"11":{"name":"(anonymous_11)","decl":{"start":{"line":174,"column":28},"end":{"line":174,"column":29}},"loc":{"start":{"line":174,"column":39},"end":{"line":176,"column":19}},"line":174}},"branchMap":{"0":{"loc":{"start":{"line":25,"column":6},"end":{"line":29,"column":7}},"type":"if","locations":[{"start":{"line":25,"column":6},"end":{"line":29,"column":7}},{"start":{"line":27,"column":13},"end":{"line":29,"column":7}}],"line":25},"1":{"loc":{"start":{"line":52,"column":6},"end":{"line":55,"column":7}},"type":"if","locations":[{"start":{"line":52,"column":6},"end":{"line":55,"column":7}},{"start":{},"end":{}}],"line":52},"2":{"loc":{"start":{"line":56,"column":6},"end":{"line":59,"column":7}},"type":"if","locations":[{"start":{"line":56,"column":6},"end":{"line":59,"column":7}},{"start":{},"end":{}}],"line":56},"3":{"loc":{"start":{"line":60,"column":6},"end":{"line":63,"column":7}},"type":"if","locations":[{"start":{"line":60,"column":6},"end":{"line":63,"column":7}},{"start":{},"end":{}}],"line":60},"4":{"loc":{"start":{"line":60,"column":10},"end":{"line":60,"column":96}},"type":"binary-expr","locations":[{"start":{"line":60,"column":10},"end":{"line":60,"column":15}},{"start":{"line":60,"column":19},"end":{"line":60,"column":31}},{"start":{"line":60,"column":35},"end":{"line":60,"column":41}},{"start":{"line":60,"column":45},"end":{"line":60,"column":54}},{"start":{"line":60,"column":58},"end":{"line":60,"column":67}},{"start":{"line":60,"column":71},"end":{"line":60,"column":77}},{"start":{"line":60,"column":81},"end":{"line":60,"column":96}}],"line":60},"5":{"loc":{"start":{"line":68,"column":6},"end":{"line":73,"column":7}},"type":"if","locations":[{"start":{"line":68,"column":6},"end":{"line":73,"column":7}},{"start":{"line":71,"column":13},"end":{"line":73,"column":7}}],"line":68},"6":{"loc":{"start":{"line":108,"column":19},"end":{"line":108,"column":54}},"type":"cond-expr","locations":[{"start":{"line":108,"column":27},"end":{"line":108,"column":37}},{"start":{"line":108,"column":40},"end":{"line":108,"column":54}}],"line":108},"7":{"loc":{"start":{"line":119,"column":17},"end":{"line":128,"column":17}},"type":"binary-expr","locations":[{"start":{"line":119,"column":17},"end":{"line":119,"column":22}},{"start":{"line":120,"column":18},"end":{"line":127,"column":24}}],"line":119}},"s":{"0":1,"1":1,"2":114,"3":114,"4":114,"5":114,"6":114,"7":114,"8":114,"9":114,"10":114,"11":114,"12":16,"13":16,"14":15,"15":14,"16":1,"17":1,"18":1,"19":114,"20":16,"21":114,"22":13,"23":13,"24":13,"25":13,"26":13,"27":13,"28":13,"29":13,"30":13,"31":13,"32":13,"33":2,"34":2,"35":11,"36":2,"37":2,"38":9,"39":5,"40":5,"41":4,"42":3,"43":2,"44":2,"45":1,"46":1,"47":1,"48":114,"49":12,"50":294,"51":12,"52":12,"53":12,"54":12,"55":12,"56":12},"f":{"0":114,"1":16,"2":16,"3":13,"4":12,"5":294,"6":12,"7":12,"8":12,"9":12,"10":12,"11":12},"b":{"0":[14,1],"1":[2,11],"2":[2,9],"3":[5,4],"4":[9,8,7,7,7,6,5],"5":[2,1],"6":[12,102],"7":[114,12]},"_coverageSchema":"1a1c01bbd47fc00a2c39e90264f33305004495a9","hash":"edce08e2d0abeab77a96a068c9d156871a238ee2"}
,"/Users/pierce/Desktop/School/CS4218/cs4218-2420-ecom-project-team15/client/src/pages/admin/Products.js": {"path":"/Users/pierce/Desktop/School/CS4218/cs4218-2420-ecom-project-team15/client/src/pages/admin/Products.js","statementMap":{"0":{"start":{"line":7,"column":17},"end":{"line":58,"column":1}},"1":{"start":{"line":8,"column":34},"end":{"line":8,"column":46}},"2":{"start":{"line":11,"column":25},"end":{"line":19,"column":3}},"3":{"start":{"line":12,"column":4},"end":{"line":18,"column":5}},"4":{"start":{"line":13,"column":23},"end":{"line":13,"column":69}},"5":{"start":{"line":14,"column":6},"end":{"line":14,"column":33}},"6":{"start":{"line":16,"column":6},"end":{"line":16,"column":25}},"7":{"start":{"line":17,"column":6},"end":{"line":17,"column":42}},"8":{"start":{"line":22,"column":2},"end":{"line":24,"column":9}},"9":{"start":{"line":23,"column":4},"end":{"line":23,"column":21}},"10":{"start":{"line":25,"column":2},"end":{"line":57,"column":4}},"11":{"start":{"line":35,"column":14},"end":{"line":51,"column":21}}},"fnMap":{"0":{"name":"(anonymous_0)","decl":{"start":{"line":7,"column":17},"end":{"line":7,"column":18}},"loc":{"start":{"line":7,"column":23},"end":{"line":58,"column":1}},"line":7},"1":{"name":"(anonymous_1)","decl":{"start":{"line":11,"column":25},"end":{"line":11,"column":26}},"loc":{"start":{"line":11,"column":37},"end":{"line":19,"column":3}},"line":11},"2":{"name":"(anonymous_2)","decl":{"start":{"line":22,"column":12},"end":{"line":22,"column":13}},"loc":{"start":{"line":22,"column":18},"end":{"line":24,"column":3}},"line":22},"3":{"name":"(anonymous_3)","decl":{"start":{"line":34,"column":27},"end":{"line":34,"column":28}},"loc":{"start":{"line":35,"column":14},"end":{"line":51,"column":21}},"line":35}},"branchMap":{},"s":{"0":1,"1":4,"2":4,"3":3,"4":3,"5":1,"6":2,"7":2,"8":4,"9":3,"10":4,"11":2},"f":{"0":4,"1":3,"2":3,"3":2},"b":{},"_coverageSchema":"1a1c01bbd47fc00a2c39e90264f33305004495a9","hash":"e8adfe174485ec24838bd6361f33355eee1839c4"}
,"/Users/pierce/Desktop/School/CS4218/cs4218-2420-ecom-project-team15/client/src/pages/admin/UpdateProduct.js": {"path":"/Users/pierce/Desktop/School/CS4218/cs4218-2420-ecom-project-team15/client/src/pages/admin/UpdateProduct.js","statementMap":{"0":{"start":{"line":8,"column":19},"end":{"line":8,"column":25}},"1":{"start":{"line":10,"column":22},"end":{"line":255,"column":1}},"2":{"start":{"line":11,"column":19},"end":{"line":11,"column":32}},"3":{"start":{"line":12,"column":17},"end":{"line":12,"column":28}},"4":{"start":{"line":13,"column":38},"end":{"line":13,"column":50}},"5":{"start":{"line":14,"column":26},"end":{"line":14,"column":38}},"6":{"start":{"line":15,"column":40},"end":{"line":15,"column":52}},"7":{"start":{"line":16,"column":28},"end":{"line":16,"column":40}},"8":{"start":{"line":17,"column":34},"end":{"line":17,"column":46}},"9":{"start":{"line":18,"column":34},"end":{"line":18,"column":46}},"10":{"start":{"line":19,"column":34},"end":{"line":19,"column":49}},"11":{"start":{"line":20,"column":28},"end":{"line":20,"column":40}},"12":{"start":{"line":21,"column":22},"end":{"line":21,"column":34}},"13":{"start":{"line":24,"column":27},"end":{"line":39,"column":3}},"14":{"start":{"line":25,"column":4},"end":{"line":38,"column":5}},"15":{"start":{"line":26,"column":23},"end":{"line":28,"column":7}},"16":{"start":{"line":29,"column":6},"end":{"line":29,"column":33}},"17":{"start":{"line":30,"column":6},"end":{"line":30,"column":30}},"18":{"start":{"line":31,"column":6},"end":{"line":31,"column":47}},"19":{"start":{"line":32,"column":6},"end":{"line":32,"column":35}},"20":{"start":{"line":33,"column":6},"end":{"line":33,"column":41}},"21":{"start":{"line":34,"column":6},"end":{"line":34,"column":41}},"22":{"start":{"line":35,"column":6},"end":{"line":35,"column":45}},"23":{"start":{"line":37,"column":6},"end":{"line":37,"column":25}},"24":{"start":{"line":41,"column":2},"end":{"line":44,"column":9}},"25":{"start":{"line":42,"column":4},"end":{"line":42,"column":23}},"26":{"start":{"line":47,"column":25},"end":{"line":59,"column":3}},"27":{"start":{"line":48,"column":4},"end":{"line":58,"column":5}},"28":{"start":{"line":49,"column":23},"end":{"line":49,"column":71}},"29":{"start":{"line":50,"column":6},"end":{"line":54,"column":7}},"30":{"start":{"line":51,"column":8},"end":{"line":51,"column":38}},"31":{"start":{"line":53,"column":8},"end":{"line":53,"column":48}},"32":{"start":{"line":56,"column":6},"end":{"line":56,"column":25}},"33":{"start":{"line":57,"column":6},"end":{"line":57,"column":62}},"34":{"start":{"line":61,"column":2},"end":{"line":63,"column":9}},"35":{"start":{"line":62,"column":4},"end":{"line":62,"column":21}},"36":{"start":{"line":66,"column":23},"end":{"line":105,"column":3}},"37":{"start":{"line":67,"column":4},"end":{"line":67,"column":23}},"38":{"start":{"line":68,"column":4},"end":{"line":104,"column":5}},"39":{"start":{"line":69,"column":26},"end":{"line":69,"column":40}},"40":{"start":{"line":70,"column":6},"end":{"line":70,"column":39}},"41":{"start":{"line":71,"column":6},"end":{"line":71,"column":53}},"42":{"start":{"line":72,"column":6},"end":{"line":72,"column":41}},"43":{"start":{"line":73,"column":6},"end":{"line":73,"column":47}},"44":{"start":{"line":74,"column":6},"end":{"line":74,"column":50}},"45":{"start":{"line":75,"column":6},"end":{"line":75,"column":47}},"46":{"start":{"line":76,"column":6},"end":{"line":76,"column":47}},"47":{"start":{"line":77,"column":6},"end":{"line":80,"column":7}},"48":{"start":{"line":78,"column":8},"end":{"line":78,"column":52}},"49":{"start":{"line":79,"column":8},"end":{"line":79,"column":15}},"50":{"start":{"line":81,"column":6},"end":{"line":84,"column":7}},"51":{"start":{"line":82,"column":8},"end":{"line":82,"column":55}},"52":{"start":{"line":83,"column":8},"end":{"line":83,"column":15}},"53":{"start":{"line":86,"column":6},"end":{"line":89,"column":7}},"54":{"start":{"line":87,"column":8},"end":{"line":87,"column":47}},"55":{"start":{"line":88,"column":8},"end":{"line":88,"column":15}},"56":{"start":{"line":91,"column":23},"end":{"line":94,"column":7}},"57":{"start":{"line":95,"column":6},"end":{"line":100,"column":7}},"58":{"start":{"line":96,"column":8},"end":{"line":96,"column":54}},"59":{"start":{"line":97,"column":8},"end":{"line":97,"column":46}},"60":{"start":{"line":99,"column":8},"end":{"line":99,"column":35}},"61":{"start":{"line":102,"column":6},"end":{"line":102,"column":25}},"62":{"start":{"line":103,"column":6},"end":{"line":103,"column":42}},"63":{"start":{"line":108,"column":23},"end":{"line":125,"column":3}},"64":{"start":{"line":109,"column":4},"end":{"line":124,"column":5}},"65":{"start":{"line":110,"column":19},"end":{"line":110,"column":79}},"66":{"start":{"line":111,"column":6},"end":{"line":111,"column":26}},"67":{"start":{"line":111,"column":19},"end":{"line":111,"column":26}},"68":{"start":{"line":112,"column":23},"end":{"line":114,"column":7}},"69":{"start":{"line":115,"column":6},"end":{"line":120,"column":7}},"70":{"start":{"line":116,"column":8},"end":{"line":116,"column":54}},"71":{"start":{"line":117,"column":8},"end":{"line":117,"column":46}},"72":{"start":{"line":119,"column":8},"end":{"line":119,"column":35}},"73":{"start":{"line":122,"column":6},"end":{"line":122,"column":25}},"74":{"start":{"line":123,"column":6},"end":{"line":123,"column":42}},"75":{"start":{"line":126,"column":2},"end":{"line":254,"column":4}},"76":{"start":{"line":143,"column":18},"end":{"line":143,"column":37}},"77":{"start":{"line":148,"column":18},"end":{"line":150,"column":27}},"78":{"start":{"line":160,"column":37},"end":{"line":160,"column":64}},"79":{"start":{"line":192,"column":35},"end":{"line":192,"column":58}},"80":{"start":{"line":201,"column":35},"end":{"line":201,"column":65}},"81":{"start":{"line":211,"column":35},"end":{"line":211,"column":59}},"82":{"start":{"line":220,"column":35},"end":{"line":220,"column":62}},"83":{"start":{"line":231,"column":20},"end":{"line":231,"column":39}}},"fnMap":{"0":{"name":"(anonymous_0)","decl":{"start":{"line":10,"column":22},"end":{"line":10,"column":23}},"loc":{"start":{"line":10,"column":28},"end":{"line":255,"column":1}},"line":10},"1":{"name":"(anonymous_1)","decl":{"start":{"line":24,"column":27},"end":{"line":24,"column":28}},"loc":{"start":{"line":24,"column":39},"end":{"line":39,"column":3}},"line":24},"2":{"name":"(anonymous_2)","decl":{"start":{"line":41,"column":12},"end":{"line":41,"column":13}},"loc":{"start":{"line":41,"column":18},"end":{"line":44,"column":3}},"line":41},"3":{"name":"(anonymous_3)","decl":{"start":{"line":47,"column":25},"end":{"line":47,"column":26}},"loc":{"start":{"line":47,"column":37},"end":{"line":59,"column":3}},"line":47},"4":{"name":"(anonymous_4)","decl":{"start":{"line":61,"column":12},"end":{"line":61,"column":13}},"loc":{"start":{"line":61,"column":18},"end":{"line":63,"column":3}},"line":61},"5":{"name":"(anonymous_5)","decl":{"start":{"line":66,"column":23},"end":{"line":66,"column":24}},"loc":{"start":{"line":66,"column":36},"end":{"line":105,"column":3}},"line":66},"6":{"name":"(anonymous_6)","decl":{"start":{"line":108,"column":23},"end":{"line":108,"column":24}},"loc":{"start":{"line":108,"column":35},"end":{"line":125,"column":3}},"line":108},"7":{"name":"(anonymous_7)","decl":{"start":{"line":142,"column":26},"end":{"line":142,"column":27}},"loc":{"start":{"line":142,"column":37},"end":{"line":144,"column":17}},"line":142},"8":{"name":"(anonymous_8)","decl":{"start":{"line":147,"column":33},"end":{"line":147,"column":34}},"loc":{"start":{"line":148,"column":18},"end":{"line":150,"column":27}},"line":148},"9":{"name":"(anonymous_9)","decl":{"start":{"line":160,"column":30},"end":{"line":160,"column":31}},"loc":{"start":{"line":160,"column":37},"end":{"line":160,"column":64}},"line":160},"10":{"name":"(anonymous_10)","decl":{"start":{"line":192,"column":28},"end":{"line":192,"column":29}},"loc":{"start":{"line":192,"column":35},"end":{"line":192,"column":58}},"line":192},"11":{"name":"(anonymous_11)","decl":{"start":{"line":201,"column":28},"end":{"line":201,"column":29}},"loc":{"start":{"line":201,"column":35},"end":{"line":201,"column":65}},"line":201},"12":{"name":"(anonymous_12)","decl":{"start":{"line":211,"column":28},"end":{"line":211,"column":29}},"loc":{"start":{"line":211,"column":35},"end":{"line":211,"column":59}},"line":211},"13":{"name":"(anonymous_13)","decl":{"start":{"line":220,"column":28},"end":{"line":220,"column":29}},"loc":{"start":{"line":220,"column":35},"end":{"line":220,"column":62}},"line":220},"14":{"name":"(anonymous_14)","decl":{"start":{"line":230,"column":28},"end":{"line":230,"column":29}},"loc":{"start":{"line":230,"column":39},"end":{"line":232,"column":19}},"line":230}},"branchMap":{"0":{"loc":{"start":{"line":50,"column":6},"end":{"line":54,"column":7}},"type":"if","locations":[{"start":{"line":50,"column":6},"end":{"line":54,"column":7}},{"start":{"line":52,"column":13},"end":{"line":54,"column":7}}],"line":50},"1":{"loc":{"start":{"line":74,"column":6},"end":{"line":74,"column":49}},"type":"binary-expr","locations":[{"start":{"line":74,"column":6},"end":{"line":74,"column":11}},{"start":{"line":74,"column":15},"end":{"line":74,"column":49}}],"line":74},"2":{"loc":{"start":{"line":77,"column":6},"end":{"line":80,"column":7}},"type":"if","locations":[{"start":{"line":77,"column":6},"end":{"line":80,"column":7}},{"start":{},"end":{}}],"line":77},"3":{"loc":{"start":{"line":81,"column":6},"end":{"line":84,"column":7}},"type":"if","locations":[{"start":{"line":81,"column":6},"end":{"line":84,"column":7}},{"start":{},"end":{}}],"line":81},"4":{"loc":{"start":{"line":86,"column":6},"end":{"line":89,"column":7}},"type":"if","locations":[{"start":{"line":86,"column":6},"end":{"line":89,"column":7}},{"start":{},"end":{}}],"line":86},"5":{"loc":{"start":{"line":86,"column":10},"end":{"line":86,"column":86}},"type":"binary-expr","locations":[{"start":{"line":86,"column":10},"end":{"line":86,"column":15}},{"start":{"line":86,"column":19},"end":{"line":86,"column":31}},{"start":{"line":86,"column":35},"end":{"line":86,"column":41}},{"start":{"line":86,"column":45},"end":{"line":86,"column":54}},{"start":{"line":86,"column":58},"end":{"line":86,"column":67}},{"start":{"line":86,"column":71},"end":{"line":86,"column":86}}],"line":86},"6":{"loc":{"start":{"line":95,"column":6},"end":{"line":100,"column":7}},"type":"if","locations":[{"start":{"line":95,"column":6},"end":{"line":100,"column":7}},{"start":{"line":98,"column":13},"end":{"line":100,"column":7}}],"line":95},"7":{"loc":{"start":{"line":111,"column":6},"end":{"line":111,"column":26}},"type":"if","locations":[{"start":{"line":111,"column":6},"end":{"line":111,"column":26}},{"start":{},"end":{}}],"line":111},"8":{"loc":{"start":{"line":115,"column":6},"end":{"line":120,"column":7}},"type":"if","locations":[{"start":{"line":115,"column":6},"end":{"line":120,"column":7}},{"start":{"line":118,"column":13},"end":{"line":120,"column":7}}],"line":115},"9":{"loc":{"start":{"line":155,"column":19},"end":{"line":155,"column":54}},"type":"cond-expr","locations":[{"start":{"line":155,"column":27},"end":{"line":155,"column":37}},{"start":{"line":155,"column":40},"end":{"line":155,"column":54}}],"line":155},"10":{"loc":{"start":{"line":166,"column":17},"end":{"line":184,"column":17}},"type":"cond-expr","locations":[{"start":{"line":167,"column":18},"end":{"line":174,"column":24}},{"start":{"line":176,"column":18},"end":{"line":183,"column":24}}],"line":166}},"s":{"0":1,"1":1,"2":80,"3":80,"4":80,"5":80,"6":80,"7":80,"8":80,"9":80,"10":80,"11":80,"12":80,"13":80,"14":22,"15":22,"16":21,"17":21,"18":21,"19":21,"20":21,"21":21,"22":21,"23":1,"24":80,"25":22,"26":80,"27":22,"28":22,"29":20,"30":19,"31":1,"32":2,"33":2,"34":80,"35":22,"36":80,"37":13,"38":13,"39":13,"40":13,"41":13,"42":13,"43":13,"44":13,"45":13,"46":13,"47":13,"48":2,"49":2,"50":11,"51":2,"52":2,"53":9,"54":1,"55":1,"56":8,"57":7,"58":6,"59":6,"60":1,"61":1,"62":1,"63":80,"64":4,"65":4,"66":4,"67":1,"68":3,"69":2,"70":1,"71":1,"72":1,"73":1,"74":1,"75":80,"76":4,"77":112,"78":4,"79":5,"80":4,"81":9,"82":7,"83":4},"f":{"0":80,"1":22,"2":22,"3":22,"4":22,"5":13,"6":4,"7":4,"8":112,"9":4,"10":5,"11":4,"12":9,"13":7,"14":4},"b":{"0":[19,1],"1":[13,4],"2":[2,11],"3":[2,9],"4":[1,8],"5":[9,8,8,8,8,8],"6":[6,1],"7":[1,3],"8":[1,1],"9":[4,76],"10":[4,76]},"_coverageSchema":"1a1c01bbd47fc00a2c39e90264f33305004495a9","hash":"b18822044b386242627a2f3c4a2b65ea62696f59"}
,"/Users/pierce/Desktop/School/CS4218/cs4218-2420-ecom-project-team15/client/src/pages/admin/Users.js": {"path":"/Users/pierce/Desktop/School/CS4218/cs4218-2420-ecom-project-team15/client/src/pages/admin/Users.js","statementMap":{"0":{"start":{"line":5,"column":14},"end":{"line":20,"column":1}},"1":{"start":{"line":6,"column":2},"end":{"line":19,"column":4}}},"fnMap":{"0":{"name":"(anonymous_0)","decl":{"start":{"line":5,"column":14},"end":{"line":5,"column":15}},"loc":{"start":{"line":5,"column":20},"end":{"line":20,"column":1}},"line":5}},"branchMap":{},"s":{"0":1,"1":3},"f":{"0":3},"b":{},"_coverageSchema":"1a1c01bbd47fc00a2c39e90264f33305004495a9","hash":"2d0a27e5a58b9fadae81154ff8309ca8dccf729e"}
,"/Users/pierce/Desktop/School/CS4218/cs4218-2420-ecom-project-team15/client/src/pages/user/Dashboard.js": {"path":"/Users/pierce/Desktop/School/CS4218/cs4218-2420-ecom-project-team15/client/src/pages/user/Dashboard.js","statementMap":{"0":{"start":{"line":5,"column":18},"end":{"line":25,"column":1}},"1":{"start":{"line":6,"column":17},"end":{"line":6,"column":26}},"2":{"start":{"line":7,"column":2},"end":{"line":24,"column":4}}},"fnMap":{"0":{"name":"(anonymous_0)","decl":{"start":{"line":5,"column":18},"end":{"line":5,"column":19}},"loc":{"start":{"line":5,"column":24},"end":{"line":25,"column":1}},"line":5}},"branchMap":{},"s":{"0":1,"1":1,"2":1},"f":{"0":1},"b":{},"_coverageSchema":"1a1c01bbd47fc00a2c39e90264f33305004495a9","hash":"50dc79f29bb9bcff307ecc1f893cd6edfa30fcbb"}
,"/Users/pierce/Desktop/School/CS4218/cs4218-2420-ecom-project-team15/client/src/pages/user/Orders.js": {"path":"/Users/pierce/Desktop/School/CS4218/cs4218-2420-ecom-project-team15/client/src/pages/user/Orders.js","statementMap":{"0":{"start":{"line":8,"column":15},"end":{"line":85,"column":1}},"1":{"start":{"line":9,"column":30},"end":{"line":9,"column":42}},"2":{"start":{"line":10,"column":26},"end":{"line":10,"column":35}},"3":{"start":{"line":11,"column":20},"end":{"line":18,"column":3}},"4":{"start":{"line":12,"column":4},"end":{"line":17,"column":5}},"5":{"start":{"line":13,"column":23},"end":{"line":13,"column":61}},"6":{"start":{"line":14,"column":6},"end":{"line":14,"column":22}},"7":{"start":{"line":16,"column":6},"end":{"line":16,"column":25}},"8":{"start":{"line":20,"column":2},"end":{"line":22,"column":20}},"9":{"start":{"line":21,"column":4},"end":{"line":21,"column":33}},"10":{"start":{"line":21,"column":21},"end":{"line":21,"column":33}},"11":{"start":{"line":23,"column":2},"end":{"line":84,"column":4}},"12":{"start":{"line":33,"column":14},"end":{"line":78,"column":16}},"13":{"start":{"line":59,"column":22},"end":{"line":74,"column":28}}},"fnMap":{"0":{"name":"(anonymous_0)","decl":{"start":{"line":8,"column":15},"end":{"line":8,"column":16}},"loc":{"start":{"line":8,"column":21},"end":{"line":85,"column":1}},"line":8},"1":{"name":"(anonymous_1)","decl":{"start":{"line":11,"column":20},"end":{"line":11,"column":21}},"loc":{"start":{"line":11,"column":32},"end":{"line":18,"column":3}},"line":11},"2":{"name":"(anonymous_2)","decl":{"start":{"line":20,"column":12},"end":{"line":20,"column":13}},"loc":{"start":{"line":20,"column":18},"end":{"line":22,"column":3}},"line":20},"3":{"name":"(anonymous_3)","decl":{"start":{"line":32,"column":25},"end":{"line":32,"column":26}},"loc":{"start":{"line":32,"column":35},"end":{"line":79,"column":13}},"line":32},"4":{"name":"(anonymous_4)","decl":{"start":{"line":58,"column":38},"end":{"line":58,"column":39}},"loc":{"start":{"line":59,"column":22},"end":{"line":74,"column":28}},"line":59}},"branchMap":{"0":{"loc":{"start":{"line":21,"column":4},"end":{"line":21,"column":33}},"type":"if","locations":[{"start":{"line":21,"column":4},"end":{"line":21,"column":33}},{"start":{},"end":{}}],"line":21},"1":{"loc":{"start":{"line":52,"column":29},"end":{"line":52,"column":70}},"type":"cond-expr","locations":[{"start":{"line":52,"column":50},"end":{"line":52,"column":59}},{"start":{"line":52,"column":62},"end":{"line":52,"column":70}}],"line":52}},"s":{"0":1,"1":11,"2":11,"3":11,"4":6,"5":6,"6":5,"7":1,"8":11,"9":6,"10":6,"11":11,"12":107,"13":107},"f":{"0":11,"1":6,"2":6,"3":107,"4":107},"b":{"0":[6,0],"1":[105,2]},"_coverageSchema":"1a1c01bbd47fc00a2c39e90264f33305004495a9","hash":"9e48b1364212a59b3f4c1bcc8e4674bcbc1dd6ac"}
,"/Users/pierce/Desktop/School/CS4218/cs4218-2420-ecom-project-team15/client/src/pages/user/Profile.js": {"path":"/Users/pierce/Desktop/School/CS4218/cs4218-2420-ecom-project-team15/client/src/pages/user/Profile.js","statementMap":{"0":{"start":{"line":7,"column":16},"end":{"line":126,"column":1}},"1":{"start":{"line":9,"column":26},"end":{"line":9,"column":35}},"2":{"start":{"line":11,"column":26},"end":{"line":11,"column":38}},"3":{"start":{"line":12,"column":28},"end":{"line":12,"column":40}},"4":{"start":{"line":13,"column":34},"end":{"line":13,"column":46}},"5":{"start":{"line":14,"column":28},"end":{"line":14,"column":40}},"6":{"start":{"line":15,"column":32},"end":{"line":15,"column":44}},"7":{"start":{"line":18,"column":2},"end":{"line":24,"column":19}},"8":{"start":{"line":19,"column":44},"end":{"line":19,"column":54}},"9":{"start":{"line":20,"column":4},"end":{"line":20,"column":18}},"10":{"start":{"line":21,"column":4},"end":{"line":21,"column":20}},"11":{"start":{"line":22,"column":4},"end":{"line":22,"column":20}},"12":{"start":{"line":23,"column":4},"end":{"line":23,"column":24}},"13":{"start":{"line":27,"column":23},"end":{"line":51,"column":3}},"14":{"start":{"line":28,"column":4},"end":{"line":28,"column":23}},"15":{"start":{"line":29,"column":4},"end":{"line":50,"column":5}},"16":{"start":{"line":30,"column":23},"end":{"line":36,"column":8}},"17":{"start":{"line":37,"column":6},"end":{"line":46,"column":7}},"18":{"start":{"line":38,"column":8},"end":{"line":38,"column":33}},"19":{"start":{"line":40,"column":8},"end":{"line":40,"column":54}},"20":{"start":{"line":41,"column":17},"end":{"line":41,"column":45}},"21":{"start":{"line":42,"column":8},"end":{"line":42,"column":28}},"22":{"start":{"line":43,"column":8},"end":{"line":43,"column":35}},"23":{"start":{"line":44,"column":8},"end":{"line":44,"column":57}},"24":{"start":{"line":45,"column":8},"end":{"line":45,"column":54}},"25":{"start":{"line":48,"column":6},"end":{"line":48,"column":25}},"26":{"start":{"line":49,"column":6},"end":{"line":49,"column":42}},"27":{"start":{"line":52,"column":2},"end":{"line":125,"column":4}},"28":{"start":{"line":67,"column":37},"end":{"line":67,"column":60}},"29":{"start":{"line":78,"column":37},"end":{"line":78,"column":61}},"30":{"start":{"line":89,"column":37},"end":{"line":89,"column":64}},"31":{"start":{"line":99,"column":37},"end":{"line":99,"column":61}},"32":{"start":{"line":109,"column":37},"end":{"line":109,"column":63}}},"fnMap":{"0":{"name":"(anonymous_0)","decl":{"start":{"line":7,"column":16},"end":{"line":7,"column":17}},"loc":{"start":{"line":7,"column":22},"end":{"line":126,"column":1}},"line":7},"1":{"name":"(anonymous_1)","decl":{"start":{"line":18,"column":12},"end":{"line":18,"column":13}},"loc":{"start":{"line":18,"column":18},"end":{"line":24,"column":3}},"line":18},"2":{"name":"(anonymous_2)","decl":{"start":{"line":27,"column":23},"end":{"line":27,"column":24}},"loc":{"start":{"line":27,"column":36},"end":{"line":51,"column":3}},"line":27},"3":{"name":"(anonymous_3)","decl":{"start":{"line":67,"column":30},"end":{"line":67,"column":31}},"loc":{"start":{"line":67,"column":37},"end":{"line":67,"column":60}},"line":67},"4":{"name":"(anonymous_4)","decl":{"start":{"line":78,"column":30},"end":{"line":78,"column":31}},"loc":{"start":{"line":78,"column":37},"end":{"line":78,"column":61}},"line":78},"5":{"name":"(anonymous_5)","decl":{"start":{"line":89,"column":30},"end":{"line":89,"column":31}},"loc":{"start":{"line":89,"column":37},"end":{"line":89,"column":64}},"line":89},"6":{"name":"(anonymous_6)","decl":{"start":{"line":99,"column":30},"end":{"line":99,"column":31}},"loc":{"start":{"line":99,"column":37},"end":{"line":99,"column":61}},"line":99},"7":{"name":"(anonymous_7)","decl":{"start":{"line":109,"column":30},"end":{"line":109,"column":31}},"loc":{"start":{"line":109,"column":37},"end":{"line":109,"column":63}},"line":109}},"branchMap":{"0":{"loc":{"start":{"line":37,"column":6},"end":{"line":46,"column":7}},"type":"if","locations":[{"start":{"line":37,"column":6},"end":{"line":46,"column":7}},{"start":{"line":39,"column":13},"end":{"line":46,"column":7}}],"line":37}},"s":{"0":1,"1":24,"2":24,"3":24,"4":24,"5":24,"6":24,"7":24,"8":6,"9":6,"10":6,"11":6,"12":6,"13":24,"14":4,"15":4,"16":4,"17":3,"18":1,"19":2,"20":2,"21":2,"22":2,"23":2,"24":2,"25":1,"26":1,"27":24,"28":4,"29":1,"30":2,"31":3,"32":2},"f":{"0":24,"1":6,"2":4,"3":4,"4":1,"5":2,"6":3,"7":2},"b":{"0":[1,2]},"_coverageSchema":"1a1c01bbd47fc00a2c39e90264f33305004495a9","hash":"621b74f39d0eb438317e84f616d96724f5a7d6cf"}
}
