TN:
SF:client/src/pages/About.js
FN:4,(anonymous_0)
FNF:1
FNH:1
FNDA:4,(anonymous_0)
DA:4,1
DA:5,4
LF:2
LH:2
BRF:0
BRH:0
end_of_record
TN:
SF:client/src/pages/CartPage.js
FN:12,(anonymous_0)
FN:21,(anonymous_1)
FN:24,(anonymous_2)
FN:36,(anonymous_3)
FN:39,(anonymous_4)
FN:49,(anonymous_5)
FN:57,(anonymous_6)
FN:62,(anonymous_7)
FN:98,(anonymous_8)
FN:115,(anonymous_9)
FN:132,(anonymous_10)
FN:140,(anonymous_11)
FN:146,(anonymous_12)
FN:169,(anonymous_13)
FNF:14
FNH:11
FNDA:50,(anonymous_0)
FNDA:50,(anonymous_1)
FNDA:55,(anonymous_2)
FNDA:2,(anonymous_3)
FNDA:3,(anonymous_4)
FNDA:15,(anonymous_5)
FNDA:15,(anonymous_6)
FNDA:2,(anonymous_7)
FNDA:55,(anonymous_8)
FNDA:2,(anonymous_9)
FNDA:0,(anonymous_10)
FNDA:0,(anonymous_11)
FNDA:0,(anonymous_12)
FNDA:30,(anonymous_13)
DA:12,1
DA:13,50
DA:14,50
DA:15,50
DA:16,50
DA:17,50
DA:18,50
DA:21,50
DA:22,50
DA:23,50
DA:24,50
DA:25,55
DA:27,50
DA:32,0
DA:36,50
DA:37,2
DA:38,2
DA:39,3
DA:40,2
DA:41,2
DA:42,2
DA:44,0
DA:49,50
DA:50,15
DA:51,15
DA:52,15
DA:54,0
DA:57,50
DA:58,15
DA:62,50
DA:63,2
DA:64,2
DA:65,2
DA:66,2
DA:70,1
DA:71,1
DA:72,1
DA:73,1
DA:74,1
DA:76,1
DA:77,1
DA:80,50
DA:99,55
DA:115,2
DA:132,0
DA:140,0
DA:147,0
DA:169,30
LF:48
LH:42
BRDA:86,0,0,6
BRDA:86,0,1,44
BRDA:86,1,0,44
BRDA:86,1,1,44
BRDA:88,2,0,44
BRDA:88,2,1,6
BRDA:89,3,0,35
BRDA:89,3,1,9
BRDA:89,4,0,40
BRDA:89,4,1,4
BRDA:127,5,0,39
BRDA:127,5,1,11
BRDA:139,6,0,5
BRDA:139,6,1,6
BRDA:158,7,0,20
BRDA:158,7,1,30
BRDA:158,8,0,50
BRDA:158,8,1,35
BRDA:158,8,2,32
BRDA:175,9,0,30
BRDA:175,9,1,28
BRDA:175,9,2,18
BRDA:177,10,0,2
BRDA:177,10,1,28
BRF:24
BRH:24
end_of_record
TN:
SF:client/src/pages/Categories.js
FN:5,(anonymous_0)
FN:11,(anonymous_1)
FNF:2
FNH:2
FNDA:2,(anonymous_0)
FNDA:2,(anonymous_1)
DA:5,1
DA:6,2
DA:7,2
DA:12,2
LF:4
LH:4
BRF:0
BRH:0
end_of_record
TN:
SF:client/src/pages/CategoryProduct.js
FN:6,(anonymous_0)
FN:12,(anonymous_1)
FN:16,(anonymous_2)
FN:36,(anonymous_3)
FN:59,(anonymous_4)
FNF:5
FNH:5
FNDA:10,(anonymous_0)
FNDA:6,(anonymous_1)
FNDA:5,(anonymous_2)
FNDA:12,(anonymous_3)
FNDA:1,(anonymous_4)
DA:6,1
DA:7,10
DA:8,10
DA:9,10
DA:10,10
DA:12,10
DA:13,6
DA:16,10
DA:17,5
DA:18,5
DA:21,4
DA:22,4
DA:24,1
DA:28,10
DA:37,12
DA:59,1
LF:16
LH:16
BRDA:13,0,0,5
BRDA:13,0,1,1
BRF:2
BRH:2
end_of_record
TN:
SF:client/src/pages/Contact.js
FN:4,(anonymous_0)
FNF:1
FNH:1
FNDA:4,(anonymous_0)
DA:4,1
DA:5,4
LF:2
LH:2
BRF:0
BRH:0
end_of_record
TN:
SF:client/src/pages/HomePage.js
FN:12,(anonymous_0)
FN:24,(anonymous_1)
FN:50,(anonymous_2)
FN:56,(anonymous_3)
FN:86,(anonymous_4)
FN:111,(anonymous_5)
FN:116,(anonymous_6)
FN:129,(anonymous_7)
FN:134,(anonymous_8)
FN:138,(anonymous_9)
FN:142,(anonymous_10)
FN:147,(anonymous_11)
FN:172,(anonymous_12)
FN:175,(anonymous_13)
FN:184,(anonymous_14)
FN:185,(anonymous_15)
FN:195,(anonymous_16)
FN:204,(anonymous_17)
FN:227,(anonymous_18)
FN:233,(anonymous_19)
FN:253,(anonymous_20)
FNF:21
FNH:20
FNDA:40,(anonymous_0)
FNDA:11,(anonymous_1)
FNDA:11,(anonymous_2)
FNDA:13,(anonymous_3)
FNDA:11,(anonymous_4)
FNDA:12,(anonymous_5)
FNDA:1,(anonymous_6)
FNDA:1,(anonymous_7)
FNDA:0,(anonymous_8)
FNDA:13,(anonymous_9)
FNDA:13,(anonymous_10)
FNDA:2,(anonymous_11)
FNDA:8,(anonymous_12)
FNDA:1,(anonymous_13)
FNDA:1,(anonymous_14)
FNDA:240,(anonymous_15)
FNDA:1,(anonymous_16)
FNDA:24,(anonymous_17)
FNDA:1,(anonymous_18)
FNDA:1,(anonymous_19)
FNDA:1,(anonymous_20)
DA:12,1
DA:13,40
DA:14,40
DA:15,40
DA:16,40
DA:17,40
DA:18,40
DA:19,40
DA:20,40
DA:21,40
DA:24,40
DA:25,11
DA:26,11
DA:28,10
DA:29,3
DA:30,3
DA:31,3
DA:34,7
DA:36,7
DA:37,2
DA:38,2
DA:39,2
DA:42,5
DA:44,1
DA:45,1
DA:50,40
DA:51,11
DA:52,11
DA:56,40
DA:57,13
DA:58,13
DA:59,13
DA:61,13
DA:62,1
DA:63,1
DA:64,1
DA:67,12
DA:69,12
DA:70,0
DA:71,0
DA:72,0
DA:75,12
DA:77,0
DA:78,0
DA:80,13
DA:86,40
DA:87,11
DA:88,11
DA:90,11
DA:91,4
DA:92,4
DA:93,4
DA:96,7
DA:98,7
DA:99,2
DA:100,2
DA:101,2
DA:104,5
DA:106,0
DA:107,0
DA:111,40
DA:112,12
DA:113,1
DA:116,40
DA:117,1
DA:118,1
DA:119,1
DA:120,1
DA:121,1
DA:123,0
DA:124,0
DA:129,40
DA:130,1
DA:131,1
DA:132,1
DA:134,0
DA:136,1
DA:138,40
DA:139,13
DA:142,40
DA:143,13
DA:147,40
DA:148,2
DA:149,2
DA:153,2
DA:155,0
DA:158,40
DA:173,8
DA:175,1
DA:184,1
DA:186,240
DA:195,1
DA:205,24
DA:227,1
DA:234,1
DA:235,1
DA:239,1
DA:254,1
DA:255,1
LF:99
LH:88
BRDA:28,0,0,3
BRDA:28,0,1,7
BRDA:28,1,0,10
BRDA:28,1,1,7
BRDA:36,2,0,2
BRDA:36,2,1,5
BRDA:36,3,0,7
BRDA:36,3,1,5
BRDA:61,4,0,1
BRDA:61,4,1,12
BRDA:61,5,0,13
BRDA:61,5,1,12
BRDA:69,6,0,0
BRDA:69,6,1,12
BRDA:90,7,0,4
BRDA:90,7,1,7
BRDA:90,8,0,11
BRDA:90,8,1,7
BRDA:98,9,0,2
BRDA:98,9,1,5
BRDA:112,10,0,11
BRDA:112,10,1,1
BRDA:131,11,0,1
BRDA:131,11,1,0
BRDA:139,12,0,13
BRDA:139,12,1,0
BRDA:139,13,0,13
BRDA:139,13,1,1
BRDA:143,14,0,2
BRDA:143,14,1,11
BRDA:143,15,0,13
BRDA:143,15,1,12
BRDA:250,16,0,40
BRDA:250,16,1,40
BRDA:250,16,2,7
BRDA:258,17,0,1
BRDA:258,17,1,6
BRF:37
BRH:34
end_of_record
TN:
SF:client/src/pages/Pagenotfound.js
FN:5,(anonymous_0)
FNF:1
FNH:1
FNDA:3,(anonymous_0)
DA:5,1
DA:6,3
LF:2
LH:2
BRF:0
BRH:0
end_of_record
TN:
SF:client/src/pages/Policy.js
FN:4,(anonymous_0)
FNF:1
FNH:1
FNDA:3,(anonymous_0)
DA:4,1
DA:5,3
LF:2
LH:2
BRF:0
BRH:0
end_of_record
TN:
SF:client/src/pages/ProductDetails.js
FN:7,(anonymous_0)
FN:14,(anonymous_1)
FN:18,(anonymous_2)
FN:32,(anonymous_3)
FN:38,(anonymous_4)
FN:82,(anonymous_5)
FN:105,(anonymous_6)
FNF:7
FNH:7
FNDA:13,(anonymous_0)
FNDA:7,(anonymous_1)
FNDA:6,(anonymous_2)
FNDA:11,(anonymous_3)
FNDA:4,(anonymous_4)
FNDA:3,(anonymous_5)
FNDA:1,(anonymous_6)
DA:7,1
DA:8,13
DA:9,13
DA:10,13
DA:11,13
DA:14,13
DA:15,7
DA:18,13
DA:19,6
DA:20,6
DA:23,4
DA:27,2
DA:32,13
DA:33,11
DA:34,4
DA:38,13
DA:39,4
DA:40,4
DA:43,3
DA:45,1
DA:48,13
DA:83,3
DA:105,1
LF:23
LH:23
BRDA:15,0,0,6
BRDA:15,0,1,1
BRDA:33,1,0,4
BRDA:33,1,1,7
BRDA:33,2,0,11
BRDA:33,2,1,4
BRDA:78,3,0,13
BRDA:78,3,1,11
BRF:8
BRH:8
end_of_record
TN:
SF:client/src/pages/Search.js
FN:4,(anonymous_0)
FN:17,(anonymous_1)
FNF:2
FNH:2
FNDA:7,(anonymous_0)
FNDA:7,(anonymous_1)
DA:4,1
DA:5,7
DA:6,7
DA:18,7
LF:4
LH:4
BRDA:12,0,0,2
BRDA:12,0,1,5
BRF:2
BRH:2
end_of_record
TN:
SF:client/src/pages/Auth/Login.js
FN:9,(anonymous_0)
FN:20,(anonymous_1)
FN:62,(anonymous_2)
FN:73,(anonymous_3)
FN:84,(anonymous_4)
FNF:5
FNH:5
FNDA:15,(anonymous_0)
FNDA:3,(anonymous_1)
FNDA:4,(anonymous_2)
FNDA:4,(anonymous_3)
FNDA:1,(anonymous_4)
DA:9,1
DA:10,15
DA:11,15
DA:12,15
DA:15,15
DA:16,15
DA:20,15
DA:21,3
DA:22,3
DA:23,3
DA:27,2
DA:28,1
DA:36,1
DA:41,1
DA:42,1
DA:44,1
DA:47,1
DA:48,1
DA:51,15
DA:62,4
DA:73,4
DA:85,1
LF:22
LH:22
BRDA:27,0,0,1
BRDA:27,0,1,1
BRDA:27,1,0,2
BRDA:27,1,1,2
BRDA:28,2,0,1
BRDA:28,2,1,1
BRDA:42,3,0,1
BRDA:42,3,1,1
BRF:8
BRH:8
end_of_record
TN:
SF:client/src/pages/Auth/Register.js
FN:7,(anonymous_0)
FN:18,(anonymous_1)
FN:51,(anonymous_2)
FN:63,(anonymous_3)
FN:74,(anonymous_4)
FN:85,(anonymous_5)
FN:96,(anonymous_6)
FN:107,(anonymous_7)
FN:118,(anonymous_8)
FNF:9
FNH:9
FNDA:24,(anonymous_0)
FNDA:3,(anonymous_1)
FNDA:3,(anonymous_2)
FNDA:3,(anonymous_3)
FNDA:3,(anonymous_4)
FNDA:3,(anonymous_5)
FNDA:3,(anonymous_6)
FNDA:3,(anonymous_7)
FNDA:3,(anonymous_8)
DA:7,1
DA:8,24
DA:9,24
DA:10,24
DA:11,24
DA:12,24
DA:13,24
DA:14,24
DA:15,24
DA:18,24
DA:19,3
DA:20,3
DA:21,3
DA:30,2
DA:31,1
DA:32,1
DA:34,1
DA:37,1
DA:38,1
DA:42,24
DA:51,3
DA:63,3
DA:74,3
DA:85,3
DA:96,3
DA:107,3
DA:118,3
LF:27
LH:27
BRDA:30,0,0,1
BRDA:30,0,1,1
BRDA:30,1,0,2
BRDA:30,1,1,2
BRF:4
BRH:4
end_of_record
TN:
SF:client/src/pages/admin/AdminDashboard.js
FN:5,(anonymous_0)
FNF:1
FNH:1
FNDA:1,(anonymous_0)
DA:5,1
DA:6,1
DA:7,1
LF:3
LH:3
BRF:0
BRH:0
end_of_record
TN:
SF:client/src/pages/admin/AdminOrders.js
FN:11,(anonymous_0)
FN:22,(anonymous_1)
FN:31,(anonymous_2)
FN:35,(anonymous_3)
FN:53,(anonymous_4)
FN:73,(anonymous_5)
FN:76,(anonymous_6)
FN:91,(anonymous_7)
FNF:8
FNH:8
FNDA:10,(anonymous_0)
FNDA:6,(anonymous_1)
FNDA:6,(anonymous_2)
FNDA:2,(anonymous_3)
FNDA:6,(anonymous_4)
FNDA:2,(anonymous_5)
FNDA:30,(anonymous_6)
FNDA:12,(anonymous_7)
DA:9,1
DA:11,1
DA:12,10
DA:19,10
DA:20,10
DA:21,10
DA:22,10
DA:23,6
DA:24,6
DA:25,4
DA:27,2
DA:31,10
DA:32,6
DA:35,10
DA:36,2
DA:37,2
DA:40,1
DA:42,1
DA:45,10
DA:54,6
DA:73,2
DA:77,30
DA:92,12
LF:23
LH:23
BRDA:32,0,0,5
BRDA:32,0,1,1
BRDA:85,1,0,3
BRDA:85,1,1,3
BRF:4
BRH:4
end_of_record
TN:
SF:client/src/pages/admin/CreateCategory.js
FN:8,(anonymous_0)
FN:15,(anonymous_1)
FN:34,(anonymous_2)
FN:48,(anonymous_3)
FN:53,(anonymous_4)
FN:75,(anonymous_5)
FN:116,(anonymous_6)
FN:122,(anonymous_7)
FN:132,(anonymous_8)
FN:145,(anonymous_9)
FNF:10
FNH:10
FNDA:38,(anonymous_0)
FNDA:3,(anonymous_1)
FNDA:16,(anonymous_2)
FNDA:13,(anonymous_3)
FNDA:3,(anonymous_4)
FNDA:3,(anonymous_5)
FNDA:38,(anonymous_6)
FNDA:4,(anonymous_7)
FNDA:3,(anonymous_8)
FNDA:1,(anonymous_9)
DA:8,1
DA:9,38
DA:10,38
DA:11,38
DA:12,38
DA:13,38
DA:15,38
DA:16,3
DA:17,3
DA:18,3
DA:21,2
DA:22,1
DA:23,1
DA:25,1
DA:28,1
DA:29,1
DA:34,38
DA:35,16
DA:36,16
DA:37,15
DA:38,14
DA:40,1
DA:43,1
DA:44,1
DA:48,38
DA:49,13
DA:53,38
DA:54,3
DA:55,3
DA:56,3
DA:60,2
DA:61,1
DA:62,1
DA:63,1
DA:64,1
DA:65,1
DA:67,1
DA:70,1
DA:75,38
DA:76,3
DA:77,3
DA:80,2
DA:81,1
DA:82,1
DA:84,1
DA:87,1
DA:91,38
DA:117,38
DA:123,4
DA:124,4
DA:125,4
DA:133,3
DA:145,1
LF:53
LH:53
BRDA:21,0,0,1
BRDA:21,0,1,1
BRDA:37,1,0,14
BRDA:37,1,1,1
BRDA:60,2,0,1
BRDA:60,2,1,1
BRDA:80,3,0,1
BRDA:80,3,1,1
BRF:8
BRH:8
end_of_record
TN:
SF:client/src/pages/admin/CreateProduct.js
FN:10,(anonymous_0)
FN:22,(anonymous_1)
FN:36,(anonymous_2)
FN:41,(anonymous_3)
FN:96,(anonymous_4)
FN:100,(anonymous_5)
FN:113,(anonymous_6)
FN:136,(anonymous_7)
FN:145,(anonymous_8)
FN:155,(anonymous_9)
FN:164,(anonymous_10)
FN:174,(anonymous_11)
FNF:12
FNH:12
FNDA:114,(anonymous_0)
FNDA:16,(anonymous_1)
FNDA:16,(anonymous_2)
FNDA:13,(anonymous_3)
FNDA:12,(anonymous_4)
FNDA:294,(anonymous_5)
FNDA:12,(anonymous_6)
FNDA:12,(anonymous_7)
FNDA:12,(anonymous_8)
FNDA:12,(anonymous_9)
FNDA:12,(anonymous_10)
FNDA:12,(anonymous_11)
DA:8,1
DA:10,1
DA:11,114
DA:12,114
DA:13,114
DA:14,114
DA:15,114
DA:16,114
DA:17,114
DA:18,114
DA:19,114
DA:22,114
DA:23,16
DA:24,16
DA:25,15
DA:26,14
DA:28,1
DA:31,1
DA:32,1
DA:36,114
DA:37,16
DA:41,114
DA:42,13
DA:43,13
DA:44,13
DA:45,13
DA:46,13
DA:47,13
DA:48,13
DA:49,13
DA:50,13
DA:51,13
DA:52,13
DA:53,2
DA:54,2
DA:56,11
DA:57,2
DA:58,2
DA:60,9
DA:61,5
DA:62,5
DA:64,4
DA:68,3
DA:69,2
DA:70,2
DA:72,1
DA:75,1
DA:76,1
DA:80,114
DA:97,12
DA:101,294
DA:113,12
DA:136,12
DA:145,12
DA:155,12
DA:164,12
DA:175,12
LF:57
LH:57
BRDA:25,0,0,14
BRDA:25,0,1,1
BRDA:52,1,0,2
BRDA:52,1,1,11
BRDA:56,2,0,2
BRDA:56,2,1,9
BRDA:60,3,0,5
BRDA:60,3,1,4
BRDA:60,4,0,9
BRDA:60,4,1,8
BRDA:60,4,2,7
BRDA:60,4,3,7
BRDA:60,4,4,7
BRDA:60,4,5,6
BRDA:60,4,6,5
BRDA:68,5,0,2
BRDA:68,5,1,1
BRDA:108,6,0,12
BRDA:108,6,1,102
BRDA:119,7,0,114
BRDA:119,7,1,12
BRF:21
BRH:21
end_of_record
TN:
SF:client/src/pages/admin/Products.js
FN:7,(anonymous_0)
FN:11,(anonymous_1)
FN:22,(anonymous_2)
FN:34,(anonymous_3)
FNF:4
FNH:4
FNDA:4,(anonymous_0)
FNDA:3,(anonymous_1)
FNDA:3,(anonymous_2)
FNDA:2,(anonymous_3)
DA:7,1
DA:8,4
DA:11,4
DA:12,3
DA:13,3
DA:14,1
DA:16,2
DA:17,2
DA:22,4
DA:23,3
DA:25,4
DA:35,2
LF:12
LH:12
BRF:0
BRH:0
end_of_record
TN:
SF:client/src/pages/admin/UpdateProduct.js
FN:10,(anonymous_0)
FN:24,(anonymous_1)
FN:41,(anonymous_2)
FN:47,(anonymous_3)
FN:61,(anonymous_4)
FN:66,(anonymous_5)
FN:108,(anonymous_6)
FN:142,(anonymous_7)
FN:147,(anonymous_8)
FN:160,(anonymous_9)
FN:192,(anonymous_10)
FN:201,(anonymous_11)
FN:211,(anonymous_12)
FN:220,(anonymous_13)
FN:230,(anonymous_14)
FNF:15
FNH:15
FNDA:80,(anonymous_0)
FNDA:22,(anonymous_1)
FNDA:22,(anonymous_2)
FNDA:22,(anonymous_3)
FNDA:22,(anonymous_4)
FNDA:13,(anonymous_5)
FNDA:4,(anonymous_6)
FNDA:4,(anonymous_7)
FNDA:112,(anonymous_8)
FNDA:4,(anonymous_9)
FNDA:5,(anonymous_10)
FNDA:4,(anonymous_11)
FNDA:9,(anonymous_12)
FNDA:7,(anonymous_13)
FNDA:4,(anonymous_14)
DA:8,1
DA:10,1
DA:11,80
DA:12,80
DA:13,80
DA:14,80
DA:15,80
DA:16,80
DA:17,80
DA:18,80
DA:19,80
DA:20,80
DA:21,80
DA:24,80
DA:25,22
DA:26,22
DA:29,21
DA:30,21
DA:31,21
DA:32,21
DA:33,21
DA:34,21
DA:35,21
DA:37,1
DA:41,80
DA:42,22
DA:47,80
DA:48,22
DA:49,22
DA:50,20
DA:51,19
DA:53,1
DA:56,2
DA:57,2
DA:61,80
DA:62,22
DA:66,80
DA:67,13
DA:68,13
DA:69,13
DA:70,13
DA:71,13
DA:72,13
DA:73,13
DA:74,13
DA:75,13
DA:76,13
DA:77,13
DA:78,2
DA:79,2
DA:81,11
DA:82,2
DA:83,2
DA:86,9
DA:87,1
DA:88,1
DA:91,8
DA:95,7
DA:96,6
DA:97,6
DA:99,1
DA:102,1
DA:103,1
DA:108,80
DA:109,4
DA:110,4
DA:111,4
DA:112,3
DA:115,2
DA:116,1
DA:117,1
DA:119,1
DA:122,1
DA:123,1
DA:126,80
DA:143,4
DA:148,112
DA:160,4
DA:192,5
DA:201,4
DA:211,9
DA:220,7
DA:231,4
LF:83
LH:83
BRDA:50,0,0,19
BRDA:50,0,1,1
BRDA:74,1,0,13
BRDA:74,1,1,4
BRDA:77,2,0,2
BRDA:77,2,1,11
BRDA:81,3,0,2
BRDA:81,3,1,9
BRDA:86,4,0,1
BRDA:86,4,1,8
BRDA:86,5,0,9
BRDA:86,5,1,8
BRDA:86,5,2,8
BRDA:86,5,3,8
BRDA:86,5,4,8
BRDA:86,5,5,8
BRDA:95,6,0,6
BRDA:95,6,1,1
BRDA:111,7,0,1
BRDA:111,7,1,3
BRDA:115,8,0,1
BRDA:115,8,1,1
BRDA:155,9,0,4
BRDA:155,9,1,76
BRDA:166,10,0,4
BRDA:166,10,1,76
BRF:26
BRH:26
end_of_record
TN:
SF:client/src/pages/admin/Users.js
FN:5,(anonymous_0)
FNF:1
FNH:1
FNDA:3,(anonymous_0)
DA:5,1
DA:6,3
LF:2
LH:2
BRF:0
BRH:0
end_of_record
TN:
SF:client/src/pages/user/Dashboard.js
FN:5,(anonymous_0)
FNF:1
FNH:1
FNDA:1,(anonymous_0)
DA:5,1
DA:6,1
DA:7,1
LF:3
LH:3
BRF:0
BRH:0
end_of_record
TN:
SF:client/src/pages/user/Orders.js
FN:8,(anonymous_0)
FN:11,(anonymous_1)
FN:20,(anonymous_2)
FN:32,(anonymous_3)
FN:58,(anonymous_4)
FNF:5
FNH:5
FNDA:11,(anonymous_0)
FNDA:6,(anonymous_1)
FNDA:6,(anonymous_2)
FNDA:107,(anonymous_3)
FNDA:107,(anonymous_4)
DA:8,1
DA:9,11
DA:10,11
DA:11,11
DA:12,6
DA:13,6
DA:14,5
DA:16,1
DA:20,11
DA:21,6
DA:23,11
DA:33,107
DA:59,107
LF:13
LH:13
BRDA:21,0,0,6
BRDA:21,0,1,0
BRDA:52,1,0,105
BRDA:52,1,1,2
BRF:4
BRH:3
end_of_record
TN:
SF:client/src/pages/user/Profile.js
FN:7,(anonymous_0)
FN:18,(anonymous_1)
FN:27,(anonymous_2)
FN:67,(anonymous_3)
FN:78,(anonymous_4)
FN:89,(anonymous_5)
FN:99,(anonymous_6)
FN:109,(anonymous_7)
FNF:8
FNH:8
FNDA:24,(anonymous_0)
FNDA:6,(anonymous_1)
FNDA:4,(anonymous_2)
FNDA:4,(anonymous_3)
FNDA:1,(anonymous_4)
FNDA:2,(anonymous_5)
FNDA:3,(anonymous_6)
FNDA:2,(anonymous_7)
DA:7,1
DA:9,24
DA:11,24
DA:12,24
DA:13,24
DA:14,24
DA:15,24
DA:18,24
DA:19,6
DA:20,6
DA:21,6
DA:22,6
DA:23,6
DA:27,24
DA:28,4
DA:29,4
DA:30,4
DA:37,3
DA:38,1
DA:40,2
DA:41,2
DA:42,2
DA:43,2
DA:44,2
DA:45,2
DA:48,1
DA:49,1
DA:52,24
DA:67,4
DA:78,1
DA:89,2
DA:99,3
DA:109,2
LF:33
LH:33
BRDA:37,0,0,1
BRDA:37,0,1,2
BRF:2
BRH:2
end_of_record
